# hmmsearch :: search profile(s) against a sequence database
# HMMER 3.3.2 (Nov 2020); http://hmmer.org/
# Copyright (C) 2020 Howard Hughes Medical Institute.
# Freely distributed under the BSD open source license.
# - - - - - - - - - - - - - - - - - - - - - - - - - - - - - - - - - - - -
# query HMM file:                  /nfs/home/fieldc/.local/lib/python3.7/site-packages/fetchmgs/data/COG0533.hmm
# target sequence database:        example_input/example_data_genomes.faa
# output directed to file:         example_output/hmmResults/COG0533.out
# per-dom hits tabular output:     example_output/hmmResults/COG0533.dom
# show alignments in output:       no
# max ASCII text line length:      unlimited
# sequence reporting threshold:    score >= 300
# number of worker threads:        1
# - - - - - - - - - - - - - - - - - - - - - - - - - - - - - - - - - - - -

Query:       COG0533  [M=1171]
Scores for complete sequences (score includes all domains):
   --- full sequence ---   --- best 1 domain ---    -#dom-
    E-value  score  bias    E-value  score  bias    exp  N  Sequence           Description
    ------- ------ -----    ------- ------ -----   ---- --  --------           -----------
   1.1e-182  610.8   1.6   1.2e-182  610.6   1.6    1.0  1  1089456.NCGM2_5607  protein_id="BAK92419.1" gene="gcp" product="O-sialoglycoprotein endopeptidase" GI="348037059" note="similar to GI:116054308; similar to PA14_07570 of P. aeruginosa UCBPP-PA14" project_id="73453"
   1.4e-171  574.0   1.1   1.6e-171  573.9   1.1    1.0  1  1148.SYNGTS_1534    protein_id="BAK50282.1" gene="gcp" product="metalloendopeptidase" GI="339273795" note="ORF_ID:slr0807" project_id="67081"
   1.6e-164  550.6  16.6     2e-164  550.3  16.6    1.0  1  1037409.BJ6T_05380  protein_id="BAL05834.1" product="O-sialoglycoprotein endopeptidase" GI="354953155" project_id="67463"
   2.7e-148  496.9   0.0   3.1e-148  496.7   0.0    1.0  1  944547.ABLL_0279    protein_id="BAK72154.1" product="putative DNA-binding/iron metalloprotein/AP endonuclease" GI="345470704" project_id="61721"
   3.3e-147  493.3   0.0   3.9e-147  493.0   0.0    1.0  1  944546.ABED_0155    protein_id="BAK69872.1" product="putative DNA-binding/iron metalloprotein/AP endonuclease" GI="345468421" project_id="61719"


Domain annotation for each sequence:
>> 1089456.NCGM2_5607  protein_id="BAK92419.1" gene="gcp" product="O-sialoglycoprotein endopeptidase" GI="348037059" note="similar to GI:116054308; similar to PA14_07570 of P. aeruginosa UCBPP-PA14" project_id="73453"
   #    score  bias  c-Evalue  i-Evalue hmmfrom  hmm to    alifrom  ali to    envfrom  env to     acc
 ---   ------ ----- --------- --------- ------- -------    ------- -------    ------- -------    ----
   1 !  610.6   1.6  2.7e-186  1.2e-182     564     888 ..       1     339 [.       1     341 [] 0.97

>> 1148.SYNGTS_1534  protein_id="BAK50282.1" gene="gcp" product="metalloendopeptidase" GI="339273795" note="ORF_ID:slr0807" project_id="67081"
   #    score  bias  c-Evalue  i-Evalue hmmfrom  hmm to    alifrom  ali to    envfrom  env to     acc
 ---   ------ ----- --------- --------- ------- -------    ------- -------    ------- -------    ----
   1 !  573.9   1.1  3.4e-175  1.6e-171     564     892 ..       2     346 ..       1     348 [] 0.96

>> 1037409.BJ6T_05380  protein_id="BAL05834.1" product="O-sialoglycoprotein endopeptidase" GI="354953155" project_id="67463"
   #    score  bias  c-Evalue  i-Evalue hmmfrom  hmm to    alifrom  ali to    envfrom  env to     acc
 ---   ------ ----- --------- --------- ------- -------    ------- -------    ------- -------    ----
   1 !  550.3  16.6  4.2e-168    2e-164     564     886 ..       1     342 [.       1     355 [. 0.95

>> 944547.ABLL_0279  protein_id="BAK72154.1" product="putative DNA-binding/iron metalloprotein/AP endonuclease" GI="345470704" project_id="61721"
   #    score  bias  c-Evalue  i-Evalue hmmfrom  hmm to    alifrom  ali to    envfrom  env to     acc
 ---   ------ ----- --------- --------- ------- -------    ------- -------    ------- -------    ----
   1 !  496.7   0.0  6.8e-152  3.1e-148     564     871 ..       1     316 [.       1     331 [. 0.95

>> 944546.ABED_0155  protein_id="BAK69872.1" product="putative DNA-binding/iron metalloprotein/AP endonuclease" GI="345468421" project_id="61719"
   #    score  bias  c-Evalue  i-Evalue hmmfrom  hmm to    alifrom  ali to    envfrom  env to     acc
 ---   ------ ----- --------- --------- ------- -------    ------- -------    ------- -------    ----
   1 !  493.0   0.0  8.4e-151  3.9e-147     564     872 ..       1     317 [.       1     331 [. 0.94



Internal pipeline statistics summary:
-------------------------------------
Query model(s):                            1  (1171 nodes)
Target sequences:                      23272  (7230323 residues searched)
Passed MSV filter:                      1862  (0.0800103); expected 465.4 (0.02)
Passed bias filter:                     1100  (0.0472671); expected 465.4 (0.02)
Passed Vit filter:                       233  (0.010012); expected 23.3 (0.001)
Passed Fwd filter:                        73  (0.00313682); expected 0.2 (1e-05)
Initial search space (Z):              23272  [actual number of targets]
Domain search space  (domZ):               5  [number of targets reported over threshold]
# CPU time: 1.38u 0.03s 00:00:01.41 Elapsed: 00:00:01.29
# Mc/sec: 6555.17
//
[ok]
