# hmmsearch :: search profile(s) against a sequence database
# HMMER 3.3.2 (Nov 2020); http://hmmer.org/
# Copyright (C) 2020 Howard Hughes Medical Institute.
# Freely distributed under the BSD open source license.
# - - - - - - - - - - - - - - - - - - - - - - - - - - - - - - - - - - - -
# query HMM file:                  data/COG0200.hmm
# target sequence database:        ../../../../fetchMGs/example_datasets/example_data_genomes.faa
# output directed to file:         ../../../example_output/hmmResults/COG0200.out
# per-dom hits tabular output:     ../../../example_output/hmmResults/COG0200.dom
# show alignments in output:       no
# max ASCII text line length:      unlimited
# sequence reporting threshold:    score >= 60
# number of worker threads:        8
# - - - - - - - - - - - - - - - - - - - - - - - - - - - - - - - - - - - -

Query:       COG0200  [M=201]
Scores for complete sequences (score includes all domains):
   --- full sequence ---   --- best 1 domain ---    -#dom-
    E-value  score  bias    E-value  score  bias    exp  N  Sequence           Description
    ------- ------ -----    ------- ------ -----   ---- --  --------           -----------
    5.7e-55  186.4  11.9    6.2e-55  186.3  11.9    1.0  1  1037409.BJ6T_44060  protein_id="BAL09675.1" gene="rplO" product="50S ribosomal protein L15" GI="354956996" project_id="67463"
    7.2e-55  186.0   0.9    8.6e-55  185.8   0.9    1.0  1  1148.SYNGTS_0758    protein_id="BAK49506.1" gene="rpl15" product="50S ribosomal protein L15" GI="339273019" note="ORF_ID:sll1813" project_id="67081"
    3.9e-47  160.8   6.5    4.3e-47  160.7   6.5    1.0  1  1089456.NCGM2_5489  protein_id="BAK92310.1" gene="rplO" product="50S ribosomal protein L15" GI="348036950" note="similar to GI:116052279; similar to PA14_09040 of P. aeruginosa UCBPP-PA14" project_id="73453"
    6.4e-37  127.4   5.4    6.8e-37  127.4   5.4    1.0  1  944546.ABED_0717    protein_id="BAK70434.1" product="50S ribosomal protein L15" GI="345468983" project_id="61719"
    9.6e-36  123.6   6.1      1e-35  123.5   6.1    1.0  1  944547.ABLL_0992    protein_id="BAK72867.1" product="50S ribosomal protein L15" GI="345471417" project_id="61721"


Domain annotation for each sequence:
>> 1037409.BJ6T_44060  protein_id="BAL09675.1" gene="rplO" product="50S ribosomal protein L15" GI="354956996" project_id="67463"
   #    score  bias  c-Evalue  i-Evalue hmmfrom  hmm to    alifrom  ali to    envfrom  env to     acc
 ---   ------ ----- --------- --------- ------- -------    ------- -------    ------- -------    ----
   1 !  186.3  11.9   1.3e-58   6.2e-55      38     183 ..       1     150 [.       1     161 [] 0.95

>> 1148.SYNGTS_0758  protein_id="BAK49506.1" gene="rpl15" product="50S ribosomal protein L15" GI="339273019" note="ORF_ID:sll1813" project_id="67081"
   #    score  bias  c-Evalue  i-Evalue hmmfrom  hmm to    alifrom  ali to    envfrom  env to     acc
 ---   ------ ----- --------- --------- ------- -------    ------- -------    ------- -------    ----
   1 !  185.8   0.9   1.8e-58   8.6e-55      38     181 ..       1     143 [.       1     146 [. 0.96

>> 1089456.NCGM2_5489  protein_id="BAK92310.1" gene="rplO" product="50S ribosomal protein L15" GI="348036950" note="similar to GI:116052279; similar to PA14_09040 of P. aeruginosa UCBPP-PA14" project_id="73453"
   #    score  bias  c-Evalue  i-Evalue hmmfrom  hmm to    alifrom  ali to    envfrom  env to     acc
 ---   ------ ----- --------- --------- ------- -------    ------- -------    ------- -------    ----
   1 !  160.7   6.5   9.3e-51   4.3e-47      38     181 ..       1     142 [.       1     144 [] 0.97

>> 944546.ABED_0717  protein_id="BAK70434.1" product="50S ribosomal protein L15" GI="345468983" project_id="61719"
   #    score  bias  c-Evalue  i-Evalue hmmfrom  hmm to    alifrom  ali to    envfrom  env to     acc
 ---   ------ ----- --------- --------- ------- -------    ------- -------    ------- -------    ----
   1 !  127.4   5.4   1.5e-40   6.8e-37      38     167 ..       1     128 [.       1     132 [] 0.90

>> 944547.ABLL_0992  protein_id="BAK72867.1" product="50S ribosomal protein L15" GI="345471417" project_id="61721"
   #    score  bias  c-Evalue  i-Evalue hmmfrom  hmm to    alifrom  ali to    envfrom  env to     acc
 ---   ------ ----- --------- --------- ------- -------    ------- -------    ------- -------    ----
   1 !  123.5   6.1   2.2e-39     1e-35      38     167 ..       1     128 [.       1     132 [] 0.89



Internal pipeline statistics summary:
-------------------------------------
Query model(s):                            1  (201 nodes)
Target sequences:                      23272  (7230323 residues searched)
Passed MSV filter:                       661  (0.0284032); expected 465.4 (0.02)
Passed bias filter:                      519  (0.0223015); expected 465.4 (0.02)
Passed Vit filter:                        48  (0.00206256); expected 23.3 (0.001)
Passed Fwd filter:                         6  (0.000257821); expected 0.2 (1e-05)
Initial search space (Z):              23272  [actual number of targets]
Domain search space  (domZ):               5  [number of targets reported over threshold]
# CPU time: 0.14u 0.02s 00:00:00.16 Elapsed: 00:00:00.05
# Mc/sec: 24751.93
//
[ok]
