# hmmsearch :: search profile(s) against a sequence database
# HMMER 3.3.2 (Nov 2020); http://hmmer.org/
# Copyright (C) 2020 Howard Hughes Medical Institute.
# Freely distributed under the BSD open source license.
# - - - - - - - - - - - - - - - - - - - - - - - - - - - - - - - - - - - -
# query HMM file:                  /nfs/home/fieldc/.local/lib/python3.7/site-packages/fetchmgs/data/COG0012.hmm
# target sequence database:        example_input/example_data_genomes.faa
# output directed to file:         example_output/hmmResults/COG0012.out
# per-dom hits tabular output:     example_output/hmmResults/COG0012.dom
# show alignments in output:       no
# max ASCII text line length:      unlimited
# sequence reporting threshold:    score >= 210
# number of worker threads:        1
# - - - - - - - - - - - - - - - - - - - - - - - - - - - - - - - - - - - -

Query:       COG0012  [M=366]
Scores for complete sequences (score includes all domains):
   --- full sequence ---   --- best 1 domain ---    -#dom-
    E-value  score  bias    E-value  score  bias    exp  N  Sequence           Description
    ------- ------ -----    ------- ------ -----   ---- --  --------           -----------
   7.9e-169  562.1   0.0   8.8e-169  561.9   0.0    1.0  1  1089456.NCGM2_0913  protein_id="BAK87790.1" gene="ychF" product="translation-associated GTPase" GI="348032430" note="similar to GI:116052818; similar to PA14_61820 of P. aeruginosa UCBPP-PA14" project_id="73453"
   2.8e-163  543.8   0.1   3.2e-163  543.6   0.1    1.0  1  1037409.BJ6T_18600  protein_id="BAL07141.1" product="GTP-binding protein" GI="354954462" project_id="67463"
   1.7e-162  541.3   0.1   1.9e-162  541.1   0.1    1.0  1  1148.SYNGTS_1374    protein_id="BAK50122.1" gene="ychF" GI="339273635" note="ORF_ID:sll0245" project_id="67081"
     3e-156  520.7   2.4   3.4e-156  520.5   2.4    1.0  1  944546.ABED_0682    protein_id="BAK70399.1" product="GTP-binding protein" GI="345468948" project_id="61719"
   4.6e-155  516.8   2.5   5.1e-155  516.6   2.5    1.0  1  944547.ABLL_0922    protein_id="BAK72797.1" product="GTP-binding protein" GI="345471347" project_id="61721"


Domain annotation for each sequence:
>> 1089456.NCGM2_0913  protein_id="BAK87790.1" gene="ychF" product="translation-associated GTPase" GI="348032430" note="similar to GI:116052818; similar to PA14_61820 of P. aeruginosa UCBPP-PA14" project_id="73453"
   #    score  bias  c-Evalue  i-Evalue hmmfrom  hmm to    alifrom  ali to    envfrom  env to     acc
 ---   ------ ----- --------- --------- ------- -------    ------- -------    ------- -------    ----
   1 !  561.9   0.0  1.9e-172  8.8e-169       1     366 []       1     366 []       1     366 [] 0.98

>> 1037409.BJ6T_18600  protein_id="BAL07141.1" product="GTP-binding protein" GI="354954462" project_id="67463"
   #    score  bias  c-Evalue  i-Evalue hmmfrom  hmm to    alifrom  ali to    envfrom  env to     acc
 ---   ------ ----- --------- --------- ------- -------    ------- -------    ------- -------    ----
   1 !  543.6   0.1  6.8e-167  3.2e-163       1     365 [.       1     364 [.       1     365 [] 0.99

>> 1148.SYNGTS_1374  protein_id="BAK50122.1" gene="ychF" GI="339273635" note="ORF_ID:sll0245" project_id="67081"
   #    score  bias  c-Evalue  i-Evalue hmmfrom  hmm to    alifrom  ali to    envfrom  env to     acc
 ---   ------ ----- --------- --------- ------- -------    ------- -------    ------- -------    ----
   1 !  541.1   0.1    4e-166  1.9e-162       3     366 .]       2     363 .]       1     363 [] 0.99

>> 944546.ABED_0682  protein_id="BAK70399.1" product="GTP-binding protein" GI="345468948" project_id="61719"
   #    score  bias  c-Evalue  i-Evalue hmmfrom  hmm to    alifrom  ali to    envfrom  env to     acc
 ---   ------ ----- --------- --------- ------- -------    ------- -------    ------- -------    ----
   1 !  520.5   2.4  7.3e-160  3.4e-156       1     366 []       1     367 []       1     367 [] 0.97

>> 944547.ABLL_0922  protein_id="BAK72797.1" product="GTP-binding protein" GI="345471347" project_id="61721"
   #    score  bias  c-Evalue  i-Evalue hmmfrom  hmm to    alifrom  ali to    envfrom  env to     acc
 ---   ------ ----- --------- --------- ------- -------    ------- -------    ------- -------    ----
   1 !  516.6   2.5  1.1e-158  5.1e-155       1     366 []       1     367 []       1     367 [] 0.97



Internal pipeline statistics summary:
-------------------------------------
Query model(s):                            1  (366 nodes)
Target sequences:                      23272  (7230323 residues searched)
Passed MSV filter:                      1347  (0.0578807); expected 465.4 (0.02)
Passed bias filter:                      825  (0.0354503); expected 465.4 (0.02)
Passed Vit filter:                       237  (0.0101839); expected 23.3 (0.001)
Passed Fwd filter:                        55  (0.00236336); expected 0.2 (1e-05)
Initial search space (Z):              23272  [actual number of targets]
Domain search space  (domZ):               5  [number of targets reported over threshold]
# CPU time: 0.45u 0.02s 00:00:00.47 Elapsed: 00:00:00.35
# Mc/sec: 7465.99
//
[ok]
