# hmmsearch :: search profile(s) against a sequence database
# HMMER 3.3.2 (Nov 2020); http://hmmer.org/
# Copyright (C) 2020 Howard Hughes Medical Institute.
# Freely distributed under the BSD open source license.
# - - - - - - - - - - - - - - - - - - - - - - - - - - - - - - - - - - - -
# query HMM file:                  data/COG0100.hmm
# target sequence database:        ../../../../fetchMGs/example_datasets/example_data_genomes.faa
# output directed to file:         ../../../example_output/hmmResults/COG0100.out
# per-dom hits tabular output:     ../../../example_output/hmmResults/COG0100.dom
# show alignments in output:       no
# max ASCII text line length:      unlimited
# sequence reporting threshold:    score >= 60
# number of worker threads:        8
# - - - - - - - - - - - - - - - - - - - - - - - - - - - - - - - - - - - -

Query:       COG0100  [M=135]
Scores for complete sequences (score includes all domains):
   --- full sequence ---   --- best 1 domain ---    -#dom-
    E-value  score  bias    E-value  score  bias    exp  N  Sequence           Description
    ------- ------ -----    ------- ------ -----   ---- --  --------           -----------
      5e-64  214.7   4.5    5.4e-64  214.6   4.5    1.0  1  1037409.BJ6T_44100  protein_id="BAL09679.1" gene="rpsK" product="30S ribosomal protein S11" GI="354957000" project_id="67463"
    4.3e-63  211.7   0.8    4.6e-63  211.6   0.8    1.0  1  1089456.NCGM2_5485  protein_id="BAK92306.1" gene="rpsK" product="30S ribosomal protein S11" GI="348036946" note="similar to GI:116052275; similar to PA14_09090 of P. aeruginosa UCBPP-PA14" project_id="73453"
    3.1e-62  208.9   1.6    3.3e-62  208.8   1.6    1.0  1  1148.SYNGTS_0752    protein_id="BAK49500.1" gene="rps11" product="30S ribosomal protein S11" GI="339273013" note="ORF_ID:sll1817" project_id="67081"
    2.2e-57  193.2   3.9    2.4e-57  193.0   3.9    1.0  1  944547.ABLL_1773    protein_id="BAK73648.1" product="30S ribosomal protein S11" GI="345472198" project_id="61721"
    2.9e-56  189.6   4.7    3.2e-56  189.4   4.7    1.0  1  944546.ABED_0964    protein_id="BAK70681.1" product="30S ribosomal protein S11" GI="345469230" project_id="61719"


Domain annotation for each sequence:
>> 1037409.BJ6T_44100  protein_id="BAL09679.1" gene="rpsK" product="30S ribosomal protein S11" GI="354957000" project_id="67463"
   #    score  bias  c-Evalue  i-Evalue hmmfrom  hmm to    alifrom  ali to    envfrom  env to     acc
 ---   ------ ----- --------- --------- ------- -------    ------- -------    ------- -------    ----
   1 !  214.6   4.5   1.2e-67   5.4e-64       9     135 .]       3     129 .]       1     129 [] 0.98

>> 1089456.NCGM2_5485  protein_id="BAK92306.1" gene="rpsK" product="30S ribosomal protein S11" GI="348036946" note="similar to GI:116052275; similar to PA14_09090 of P. aeruginosa UCBPP-PA14" project_id="73453"
   #    score  bias  c-Evalue  i-Evalue hmmfrom  hmm to    alifrom  ali to    envfrom  env to     acc
 ---   ------ ----- --------- --------- ------- -------    ------- -------    ------- -------    ----
   1 !  211.6   0.8     1e-66   4.6e-63       8     135 .]       2     129 .]       1     129 [] 0.97

>> 1148.SYNGTS_0752  protein_id="BAK49500.1" gene="rps11" product="30S ribosomal protein S11" GI="339273013" note="ORF_ID:sll1817" project_id="67081"
   #    score  bias  c-Evalue  i-Evalue hmmfrom  hmm to    alifrom  ali to    envfrom  env to     acc
 ---   ------ ----- --------- --------- ------- -------    ------- -------    ------- -------    ----
   1 !  208.8   1.6   7.1e-66   3.3e-62      12     135 .]       7     130 .]       1     130 [] 0.96

>> 944547.ABLL_1773  protein_id="BAK73648.1" product="30S ribosomal protein S11" GI="345472198" project_id="61721"
   #    score  bias  c-Evalue  i-Evalue hmmfrom  hmm to    alifrom  ali to    envfrom  env to     acc
 ---   ------ ----- --------- --------- ------- -------    ------- -------    ------- -------    ----
   1 !  193.0   3.9   5.2e-61   2.4e-57       7     135 .]       1     130 []       1     130 [] 0.97

>> 944546.ABED_0964  protein_id="BAK70681.1" product="30S ribosomal protein S11" GI="345469230" project_id="61719"
   #    score  bias  c-Evalue  i-Evalue hmmfrom  hmm to    alifrom  ali to    envfrom  env to     acc
 ---   ------ ----- --------- --------- ------- -------    ------- -------    ------- -------    ----
   1 !  189.4   4.7   6.9e-60   3.2e-56       7     135 .]       1     130 []       1     130 [] 0.97



Internal pipeline statistics summary:
-------------------------------------
Query model(s):                            1  (135 nodes)
Target sequences:                      23272  (7230323 residues searched)
Passed MSV filter:                       850  (0.0365246); expected 465.4 (0.02)
Passed bias filter:                      693  (0.0297783); expected 465.4 (0.02)
Passed Vit filter:                        59  (0.00253524); expected 23.3 (0.001)
Passed Fwd filter:                         5  (0.00021485); expected 0.2 (1e-05)
Initial search space (Z):              23272  [actual number of targets]
Domain search space  (domZ):               5  [number of targets reported over threshold]
# CPU time: 0.13u 0.01s 00:00:00.14 Elapsed: 00:00:00.05
# Mc/sec: 17861.56
//
[ok]
