# hmmsearch :: search profile(s) against a sequence database
# HMMER 3.3.2 (Nov 2020); http://hmmer.org/
# Copyright (C) 2020 Howard Hughes Medical Institute.
# Freely distributed under the BSD open source license.
# - - - - - - - - - - - - - - - - - - - - - - - - - - - - - - - - - - - -
# query HMM file:                  data/COG0541.hmm
# target sequence database:        ../../../../fetchMGs/example_datasets/example_data_genomes.faa
# output directed to file:         ../../../example_output/hmmResults/COG0541.out
# per-dom hits tabular output:     ../../../example_output/hmmResults/COG0541.dom
# show alignments in output:       no
# max ASCII text line length:      unlimited
# sequence reporting threshold:    score >= 60
# number of worker threads:        8
# - - - - - - - - - - - - - - - - - - - - - - - - - - - - - - - - - - - -

Query:       COG0541  [M=731]
Scores for complete sequences (score includes all domains):
   --- full sequence ---   --- best 1 domain ---    -#dom-
    E-value  score  bias    E-value  score  bias    exp  N  Sequence           Description
    ------- ------ -----    ------- ------ -----   ---- --  --------           -----------
   2.7e-231  770.6  27.7     3e-231  770.5  27.7    1.0  1  1089456.NCGM2_4879  protein_id="BAK91702.1" gene="ffh" product="signal recognition particle protein" GI="348036342" note="similar to GI:116051744; similar to PA14_15960 of P. aeruginosa UCBPP-PA14" project_id="73453"
   1.2e-218  728.8  25.7   1.5e-218  728.5  25.7    1.0  1  1037409.BJ6T_04500  protein_id="BAL05748.1" product="signal recognition particle protein" GI="354953069" project_id="67463"
   6.1e-215  716.6  20.3   7.2e-215  716.3  20.3    1.0  1  1148.SYNGTS_1731    protein_id="BAK50479.1" gene="ffh" product="signal recognition particle protein" GI="339273992" note="ORF_ID:slr1531" project_id="67081"
   4.3e-174  581.5  15.8   4.8e-174  581.4  15.8    1.0  1  944547.ABLL_2406    protein_id="BAK74281.1" product="signal recognition particle protein" GI="345472831" project_id="61721"
   1.5e-171  573.1  17.1   1.7e-171  572.9  17.1    1.0  1  944546.ABED_1783    protein_id="BAK71500.1" product="signal recognition particle protein" GI="345470049" project_id="61719"
    3.9e-93  313.9  10.5    3.9e-93  313.9  10.5    1.4  2  1089456.NCGM2_5826  protein_id="BAK92637.1" gene="ftsY" product="signal recognition particle receptor" GI="348037277" note="similar to GI:116054103; similar to PA14_04900 of P. aeruginosa UCBPP-PA14" project_id="73453"
    2.4e-85  288.1   4.7    2.9e-85  287.9   4.7    1.0  1  1148.SYNGTS_1420    protein_id="BAK50168.1" gene="ftsY" product="cell division protein FtsY" GI="339273681" note="ORF_ID:slr2102" project_id="67081"
    2.7e-85  288.0  10.6    3.4e-85  287.6  10.6    1.0  1  1037409.BJ6T_04420  protein_id="BAL05740.1" GI="354953061" note="probable cell division protein" project_id="67463"
    5.8e-76  257.1   8.1    5.2e-75  254.0   8.1    1.9  1  944546.ABED_0841    protein_id="BAK70558.1" product="signal recognition particle-docking GTPase FtsY" GI="345469107" project_id="61719"
    1.2e-74  252.8  12.8    6.6e-74  250.3  12.8    1.8  1  944547.ABLL_1126    protein_id="BAK73001.1" product="signal recognition particle-docking GTPase FtsY" GI="345471551" project_id="61721"
    1.3e-23   84.0   0.1    3.4e-23   82.7   0.0    1.6  2  944546.ABED_1758    protein_id="BAK71475.1" product="flagellar biosynthesis regulator FlhF" GI="345470024" project_id="61719"
    6.5e-23   81.7   0.0    1.2e-22   80.9   0.0    1.4  2  944547.ABLL_2379    protein_id="BAK74254.1" product="flagellar biosynthesis regulator FlhF" GI="345472804" project_id="61721"
    1.2e-19   71.0   0.7    2.1e-19   70.1   0.7    1.3  1  1089456.NCGM2_2337  protein_id="BAK89195.1" gene="flhF" product="flagellar biosynthesis regulator" GI="348033835" note="similar to GI:116049398; similar to PA14_45660 of P. aeruginosa UCBPP-PA14" project_id="73453"


Domain annotation for each sequence:
>> 1089456.NCGM2_4879  protein_id="BAK91702.1" gene="ffh" product="signal recognition particle protein" GI="348036342" note="similar to GI:116051744; similar to PA14_15960 of P. aeruginosa UCBPP-PA14" project_id="73453"
   #    score  bias  c-Evalue  i-Evalue hmmfrom  hmm to    alifrom  ali to    envfrom  env to     acc
 ---   ------ ----- --------- --------- ------- -------    ------- -------    ------- -------    ----
   1 !  770.5  27.7  1.7e-234    3e-231     176     616 ..       1     450 [.       1     457 [] 0.94

>> 1037409.BJ6T_04500  protein_id="BAL05748.1" product="signal recognition particle protein" GI="354953069" project_id="67463"
   #    score  bias  c-Evalue  i-Evalue hmmfrom  hmm to    alifrom  ali to    envfrom  env to     acc
 ---   ------ ----- --------- --------- ------- -------    ------- -------    ------- -------    ----
   1 !  728.5  25.7  8.2e-222  1.5e-218     176     635 ..       1     468 [.       1     480 [. 0.93

>> 1148.SYNGTS_1731  protein_id="BAK50479.1" gene="ffh" product="signal recognition particle protein" GI="339273992" note="ORF_ID:slr1531" project_id="67081"
   #    score  bias  c-Evalue  i-Evalue hmmfrom  hmm to    alifrom  ali to    envfrom  env to     acc
 ---   ------ ----- --------- --------- ------- -------    ------- -------    ------- -------    ----
   1 !  716.3  20.3    4e-218  7.2e-215     176     645 ..       1     476 [.       1     481 [. 0.93

>> 944547.ABLL_2406  protein_id="BAK74281.1" product="signal recognition particle protein" GI="345472831" project_id="61721"
   #    score  bias  c-Evalue  i-Evalue hmmfrom  hmm to    alifrom  ali to    envfrom  env to     acc
 ---   ------ ----- --------- --------- ------- -------    ------- -------    ------- -------    ----
   1 !  581.4  15.8  2.7e-177  4.8e-174     176     620 ..       1     445 [.       1     450 [] 0.94

>> 944546.ABED_1783  protein_id="BAK71500.1" product="signal recognition particle protein" GI="345470049" project_id="61719"
   #    score  bias  c-Evalue  i-Evalue hmmfrom  hmm to    alifrom  ali to    envfrom  env to     acc
 ---   ------ ----- --------- --------- ------- -------    ------- -------    ------- -------    ----
   1 !  572.9  17.1  9.6e-175  1.7e-171     176     620 ..       1     445 [.       1     450 [] 0.94

>> 1089456.NCGM2_5826  protein_id="BAK92637.1" gene="ftsY" product="signal recognition particle receptor" GI="348037277" note="similar to GI:116054103; similar to PA14_04900 of P. aeruginosa UCBPP-PA14" project_id="73453"
   #    score  bias  c-Evalue  i-Evalue hmmfrom  hmm to    alifrom  ali to    envfrom  env to     acc
 ---   ------ ----- --------- --------- ------- -------    ------- -------    ------- -------    ----
   1 ?   -2.7   0.1       1.2   2.2e+03      12      50 ..      30      62 ..      18     106 .. 0.38
   2 !  313.9  10.5   2.2e-96   3.9e-93     194     467 ..     171     447 ..     138     451 .. 0.93

>> 1148.SYNGTS_1420  protein_id="BAK50168.1" gene="ftsY" product="cell division protein FtsY" GI="339273681" note="ORF_ID:slr2102" project_id="67081"
   #    score  bias  c-Evalue  i-Evalue hmmfrom  hmm to    alifrom  ali to    envfrom  env to     acc
 ---   ------ ----- --------- --------- ------- -------    ------- -------    ------- -------    ----
   1 !  287.9   4.7   1.6e-88   2.9e-85      22     470 ..      42     502 ..      27     504 .] 0.71

>> 1037409.BJ6T_04420  protein_id="BAL05740.1" GI="354953061" note="probable cell division protein" project_id="67463"
   #    score  bias  c-Evalue  i-Evalue hmmfrom  hmm to    alifrom  ali to    envfrom  env to     acc
 ---   ------ ----- --------- --------- ------- -------    ------- -------    ------- -------    ----
   1 !  287.6  10.6   1.9e-88   3.4e-85     180     471 ..      17     312 ..       5     314 .. 0.92

>> 944546.ABED_0841  protein_id="BAK70558.1" product="signal recognition particle-docking GTPase FtsY" GI="345469107" project_id="61719"
   #    score  bias  c-Evalue  i-Evalue hmmfrom  hmm to    alifrom  ali to    envfrom  env to     acc
 ---   ------ ----- --------- --------- ------- -------    ------- -------    ------- -------    ----
   1 !  254.0   8.1   2.9e-78   5.2e-75     180     471 ..      24     303 ..       4     305 .. 0.91

>> 944547.ABLL_1126  protein_id="BAK73001.1" product="signal recognition particle-docking GTPase FtsY" GI="345471551" project_id="61721"
   #    score  bias  c-Evalue  i-Evalue hmmfrom  hmm to    alifrom  ali to    envfrom  env to     acc
 ---   ------ ----- --------- --------- ------- -------    ------- -------    ------- -------    ----
   1 !  250.3  12.8   3.7e-77   6.6e-74     129     471 ..      11     342 ..       3     343 .. 0.86

>> 944546.ABED_1758  protein_id="BAK71475.1" product="flagellar biosynthesis regulator FlhF" GI="345470024" project_id="61719"
   #    score  bias  c-Evalue  i-Evalue hmmfrom  hmm to    alifrom  ali to    envfrom  env to     acc
 ---   ------ ----- --------- --------- ------- -------    ------- -------    ------- -------    ----
   1 ?   -1.7   0.3      0.63   1.1e+03     130     155 ..      54      79 ..       9     113 .. 0.41
   2 !   82.7   0.0   1.9e-26   3.4e-23     267     454 ..     174     359 ..     132     363 .. 0.88

>> 944547.ABLL_2379  protein_id="BAK74254.1" product="flagellar biosynthesis regulator FlhF" GI="345472804" project_id="61721"
   #    score  bias  c-Evalue  i-Evalue hmmfrom  hmm to    alifrom  ali to    envfrom  env to     acc
 ---   ------ ----- --------- --------- ------- -------    ------- -------    ------- -------    ----
   1 ?   -3.3   0.1         2   3.5e+03     121     136 ..      45      60 ..      14     104 .. 0.44
   2 !   80.9   0.0   6.5e-26   1.2e-22     266     454 ..     173     359 ..     132     363 .. 0.85

>> 1089456.NCGM2_2337  protein_id="BAK89195.1" gene="flhF" product="flagellar biosynthesis regulator" GI="348033835" note="similar to GI:116049398; similar to PA14_45660 of P. aeruginosa UCBPP-PA14" project_id="73453"
   #    score  bias  c-Evalue  i-Evalue hmmfrom  hmm to    alifrom  ali to    envfrom  env to     acc
 ---   ------ ----- --------- --------- ------- -------    ------- -------    ------- -------    ----
   1 !   70.1   0.7   1.2e-22   2.1e-19     278     454 ..     212     383 ..     197     400 .. 0.82



Internal pipeline statistics summary:
-------------------------------------
Query model(s):                            1  (731 nodes)
Target sequences:                      23272  (7230323 residues searched)
Passed MSV filter:                      1942  (0.0834479); expected 465.4 (0.02)
Passed bias filter:                     1154  (0.0495875); expected 465.4 (0.02)
Passed Vit filter:                       302  (0.012977); expected 23.3 (0.001)
Passed Fwd filter:                        43  (0.00184771); expected 0.2 (1e-05)
Initial search space (Z):              23272  [actual number of targets]
Domain search space  (domZ):              13  [number of targets reported over threshold]
# CPU time: 0.83u 0.06s 00:00:00.88 Elapsed: 00:00:00.14
# Mc/sec: 36967.90
//
[ok]
