# hmmsearch :: search profile(s) against a sequence database
# HMMER 3.3.2 (Nov 2020); http://hmmer.org/
# Copyright (C) 2020 Howard Hughes Medical Institute.
# Freely distributed under the BSD open source license.
# - - - - - - - - - - - - - - - - - - - - - - - - - - - - - - - - - - - -
# query HMM file:                  data/COG0048.hmm
# target sequence database:        ../../../../fetchMGs/example_datasets/example_data_genomes.faa
# output directed to file:         ../../../example_output/hmmResults/COG0048.out
# per-dom hits tabular output:     ../../../example_output/hmmResults/COG0048.dom
# show alignments in output:       no
# max ASCII text line length:      unlimited
# sequence reporting threshold:    score >= 60
# number of worker threads:        8
# - - - - - - - - - - - - - - - - - - - - - - - - - - - - - - - - - - - -

Query:       COG0048  [M=148]
Scores for complete sequences (score includes all domains):
   --- full sequence ---   --- best 1 domain ---    -#dom-
    E-value  score  bias    E-value  score  bias    exp  N  Sequence           Description
    ------- ------ -----    ------- ------ -----   ---- --  --------           -----------
    1.7e-53  180.8   5.5    3.5e-53  179.8   5.5    1.4  1  1037409.BJ6T_43820  protein_id="BAL09651.1" gene="rpsL" product="30S ribosomal protein S12" GI="354956972" project_id="67463"
    2.8e-53  180.1   4.3    8.6e-53  178.5   4.3    1.6  1  1089456.NCGM2_5513  protein_id="BAK92334.1" gene="rpsL" product="30S ribosomal protein S12" GI="348036974" note="similar to GI:116052303; similar to PA14_08790 of P. aeruginosa UCBPP-PA14" project_id="73453"
    5.6e-53  179.1   5.2    1.2e-52  178.1   5.2    1.5  1  1148.SYNGTS_1749    protein_id="BAK50497.1" gene="rps12" product="30S ribosomal protein S12" GI="339274010" note="ORF_ID:sll1096" project_id="67081"
    3.9e-51  173.1   5.4    9.6e-51  171.9   5.4    1.5  1  944546.ABED_1798    protein_id="BAK71515.1" product="30S ribosomal protein S12" GI="345470064" project_id="61719"
    4.1e-51  173.1   5.3    9.3e-51  171.9   5.3    1.5  1  944547.ABLL_2421    protein_id="BAK74296.1" product="30S ribosomal protein S12" GI="345472846" project_id="61721"


Domain annotation for each sequence:
>> 1037409.BJ6T_43820  protein_id="BAL09651.1" gene="rpsL" product="30S ribosomal protein S12" GI="354956972" project_id="67463"
   #    score  bias  c-Evalue  i-Evalue hmmfrom  hmm to    alifrom  ali to    envfrom  env to     acc
 ---   ------ ----- --------- --------- ------- -------    ------- -------    ------- -------    ----
   1 !  179.8   5.5   7.4e-57   3.5e-53       2     147 ..       1     123 []       1     123 [] 0.92

>> 1089456.NCGM2_5513  protein_id="BAK92334.1" gene="rpsL" product="30S ribosomal protein S12" GI="348036974" note="similar to GI:116052303; similar to PA14_08790 of P. aeruginosa UCBPP-PA14" project_id="73453"
   #    score  bias  c-Evalue  i-Evalue hmmfrom  hmm to    alifrom  ali to    envfrom  env to     acc
 ---   ------ ----- --------- --------- ------- -------    ------- -------    ------- -------    ----
   1 !  178.5   4.3   1.8e-56   8.6e-53       2     147 ..       1     123 []       1     123 [] 0.96

>> 1148.SYNGTS_1749  protein_id="BAK50497.1" gene="rps12" product="30S ribosomal protein S12" GI="339274010" note="ORF_ID:sll1096" project_id="67081"
   #    score  bias  c-Evalue  i-Evalue hmmfrom  hmm to    alifrom  ali to    envfrom  env to     acc
 ---   ------ ----- --------- --------- ------- -------    ------- -------    ------- -------    ----
   1 !  178.1   5.2   2.5e-56   1.2e-52       2     147 ..       1     123 [.       1     124 [. 0.91

>> 944546.ABED_1798  protein_id="BAK71515.1" product="30S ribosomal protein S12" GI="345470064" project_id="61719"
   #    score  bias  c-Evalue  i-Evalue hmmfrom  hmm to    alifrom  ali to    envfrom  env to     acc
 ---   ------ ----- --------- --------- ------- -------    ------- -------    ------- -------    ----
   1 !  171.9   5.4   2.1e-54   9.6e-51       2     148 .]       1     124 [.       1     124 [. 0.95

>> 944547.ABLL_2421  protein_id="BAK74296.1" product="30S ribosomal protein S12" GI="345472846" project_id="61721"
   #    score  bias  c-Evalue  i-Evalue hmmfrom  hmm to    alifrom  ali to    envfrom  env to     acc
 ---   ------ ----- --------- --------- ------- -------    ------- -------    ------- -------    ----
   1 !  171.9   5.3     2e-54   9.3e-51       2     148 .]       1     124 [.       1     124 [. 0.94



Internal pipeline statistics summary:
-------------------------------------
Query model(s):                            1  (148 nodes)
Target sequences:                      23272  (7230323 residues searched)
Passed MSV filter:                       530  (0.0227741); expected 465.4 (0.02)
Passed bias filter:                      447  (0.0192076); expected 465.4 (0.02)
Passed Vit filter:                        35  (0.00150395); expected 23.3 (0.001)
Passed Fwd filter:                         5  (0.00021485); expected 0.2 (1e-05)
Initial search space (Z):              23272  [actual number of targets]
Domain search space  (domZ):               5  [number of targets reported over threshold]
# CPU time: 0.13u 0.02s 00:00:00.15 Elapsed: 00:00:00.06
# Mc/sec: 16276.87
//
[ok]
