# hmmsearch :: search profile(s) against a sequence database
# HMMER 3.3.2 (Nov 2020); http://hmmer.org/
# Copyright (C) 2020 Howard Hughes Medical Institute.
# Freely distributed under the BSD open source license.
# - - - - - - - - - - - - - - - - - - - - - - - - - - - - - - - - - - - -
# query HMM file:                  /nfs/home/fieldc/.local/lib/python3.7/site-packages/fetchmgs/data/COG0525.hmm
# target sequence database:        example_input/example_data_genomes.faa
# output directed to file:         example_output/hmmResults/COG0525.out
# per-dom hits tabular output:     example_output/hmmResults/COG0525.dom
# show alignments in output:       no
# max ASCII text line length:      unlimited
# sequence reporting threshold:    score >= 740
# number of worker threads:        1
# - - - - - - - - - - - - - - - - - - - - - - - - - - - - - - - - - - - -

Query:       COG0525  [M=2007]
Scores for complete sequences (score includes all domains):
   --- full sequence ---   --- best 1 domain ---    -#dom-
    E-value  score  bias    E-value  score  bias    exp  N  Sequence           Description
    ------- ------ -----    ------- ------ -----   ---- --  --------           -----------
          0 1455.6   0.0          0 1455.4   0.0    1.0  1  1148.SYNGTS_2918    protein_id="BAK51666.1" gene="valS" product="valyl-tRNA synthetase" GI="339275179" note="ORF_ID:slr0557" project_id="67081"
          0 1434.7   1.6          0 1434.6   1.6    1.0  1  1089456.NCGM2_5023  protein_id="BAK91845.1" gene="valS" product="valyl-tRNA synthetase" GI="348036485" note="similar to GI:116051862; similar to PA14_14440 of P. aeruginosa UCBPP-PA14" project_id="73453"
          0 1409.4   6.3          0 1409.3   6.3    1.0  1  1037409.BJ6T_52700  protein_id="BAL10530.1" product="valyl-tRNA synthetase" GI="354957851" project_id="67463"
          0 1272.1   9.8          0 1271.9   9.8    1.0  1  944546.ABED_0537    protein_id="BAK70254.1" product="valyl-tRNA synthase" GI="345468803" project_id="61719"
          0 1270.7  11.3          0 1270.5  11.3    1.0  1  944547.ABLL_0703    protein_id="BAK72578.1" product="valyl-tRNA synthase" GI="345471128" project_id="61721"


Domain annotation for each sequence:
>> 1148.SYNGTS_2918  protein_id="BAK51666.1" gene="valS" product="valyl-tRNA synthetase" GI="339275179" note="ORF_ID:slr0557" project_id="67081"
   #    score  bias  c-Evalue  i-Evalue hmmfrom  hmm to    alifrom  ali to    envfrom  env to     acc
 ---   ------ ----- --------- --------- ------- -------    ------- -------    ------- -------    ----
   1 ! 1455.4   0.0         0         0     781    1632 ..       2     909 ..       1     910 [] 0.94

>> 1089456.NCGM2_5023  protein_id="BAK91845.1" gene="valS" product="valyl-tRNA synthetase" GI="348036485" note="similar to GI:116051862; similar to PA14_14440 of P. aeruginosa UCBPP-PA14" project_id="73453"
   #    score  bias  c-Evalue  i-Evalue hmmfrom  hmm to    alifrom  ali to    envfrom  env to     acc
 ---   ------ ----- --------- --------- ------- -------    ------- -------    ------- -------    ----
   1 ! 1434.6   1.6         0         0     784    1633 ..       1     948 [.       1     950 [] 0.95

>> 1037409.BJ6T_52700  protein_id="BAL10530.1" product="valyl-tRNA synthetase" GI="354957851" project_id="67463"
   #    score  bias  c-Evalue  i-Evalue hmmfrom  hmm to    alifrom  ali to    envfrom  env to     acc
 ---   ------ ----- --------- --------- ------- -------    ------- -------    ------- -------    ----
   1 ! 1409.3   6.3         0         0     783    1635 ..       1     957 [.       1     958 [] 0.91

>> 944546.ABED_0537  protein_id="BAK70254.1" product="valyl-tRNA synthase" GI="345468803" project_id="61719"
   #    score  bias  c-Evalue  i-Evalue hmmfrom  hmm to    alifrom  ali to    envfrom  env to     acc
 ---   ------ ----- --------- --------- ------- -------    ------- -------    ------- -------    ----
   1 ! 1271.9   9.8         0         0     784    1632 ..       1     870 [.       1     871 [] 0.94

>> 944547.ABLL_0703  protein_id="BAK72578.1" product="valyl-tRNA synthase" GI="345471128" project_id="61721"
   #    score  bias  c-Evalue  i-Evalue hmmfrom  hmm to    alifrom  ali to    envfrom  env to     acc
 ---   ------ ----- --------- --------- ------- -------    ------- -------    ------- -------    ----
   1 ! 1270.5  11.3         0         0     784    1632 ..       1     875 [.       1     876 [] 0.94



Internal pipeline statistics summary:
-------------------------------------
Query model(s):                            1  (2007 nodes)
Target sequences:                      23272  (7230323 residues searched)
Passed MSV filter:                      1711  (0.0735218); expected 465.4 (0.02)
Passed bias filter:                      889  (0.0382004); expected 465.4 (0.02)
Passed Vit filter:                       309  (0.0132778); expected 23.3 (0.001)
Passed Fwd filter:                       174  (0.0074768); expected 0.2 (1e-05)
Initial search space (Z):              23272  [actual number of targets]
Domain search space  (domZ):               5  [number of targets reported over threshold]
# CPU time: 4.84u 0.06s 00:00:04.89 Elapsed: 00:00:04.78
# Mc/sec: 3032.60
//
[ok]
