# hmmsearch :: search profile(s) against a sequence database
# HMMER 3.3.2 (Nov 2020); http://hmmer.org/
# Copyright (C) 2020 Howard Hughes Medical Institute.
# Freely distributed under the BSD open source license.
# - - - - - - - - - - - - - - - - - - - - - - - - - - - - - - - - - - - -
# query HMM file:                  data/COG0098.hmm
# target sequence database:        ../../../../fetchMGs/example_datasets/example_data_genomes.faa
# output directed to file:         ../../../example_output/hmmResults/COG0098.out
# per-dom hits tabular output:     ../../../example_output/hmmResults/COG0098.dom
# show alignments in output:       no
# max ASCII text line length:      unlimited
# sequence reporting threshold:    score >= 60
# number of worker threads:        8
# - - - - - - - - - - - - - - - - - - - - - - - - - - - - - - - - - - - -

Query:       COG0098  [M=233]
Scores for complete sequences (score includes all domains):
   --- full sequence ---   --- best 1 domain ---    -#dom-
    E-value  score  bias    E-value  score  bias    exp  N  Sequence           Description
    ------- ------ -----    ------- ------ -----   ---- --  --------           -----------
    3.6e-78  262.4   7.5    3.8e-78  262.3   7.5    1.0  1  1037409.BJ6T_44040  protein_id="BAL09673.1" gene="rpsE" product="30s ribosomal protein S5" GI="354956994" project_id="67463"
      1e-74  251.1   9.1    1.1e-74  251.0   9.1    1.0  1  1089456.NCGM2_5491  protein_id="BAK92312.1" gene="rpsE" product="30S ribosomal protein S5" GI="348036952" note="similar to GI:116052281; similar to PA14_09020 of P. aeruginosa UCBPP-PA14" project_id="73453"
    4.3e-68  229.4   7.2    5.2e-68  229.2   7.2    1.0  1  944546.ABED_0716    protein_id="BAK70433.1" product="30S ribosomal protein S5" GI="345468982" project_id="61719"
    4.5e-68  229.4   7.6    5.4e-68  229.1   7.6    1.0  1  944547.ABLL_0991    protein_id="BAK72866.1" product="30S ribosomal protein S5" GI="345471416" project_id="61721"
    2.7e-66  223.6  14.4    2.9e-66  223.4  14.4    1.0  1  1148.SYNGTS_0759    protein_id="BAK49507.1" gene="rps5" product="30S ribosomal protein S5" GI="339273020" note="ORF_ID:sll1812" project_id="67081"


Domain annotation for each sequence:
>> 1037409.BJ6T_44040  protein_id="BAL09673.1" gene="rpsE" product="30s ribosomal protein S5" GI="354956994" project_id="67463"
   #    score  bias  c-Evalue  i-Evalue hmmfrom  hmm to    alifrom  ali to    envfrom  env to     acc
 ---   ------ ----- --------- --------- ------- -------    ------- -------    ------- -------    ----
   1 !  262.3   7.5   8.2e-82   3.8e-78      37     223 ..       6     191 ..       1     198 [] 0.90

>> 1089456.NCGM2_5491  protein_id="BAK92312.1" gene="rpsE" product="30S ribosomal protein S5" GI="348036952" note="similar to GI:116052281; similar to PA14_09020 of P. aeruginosa UCBPP-PA14" project_id="73453"
   #    score  bias  c-Evalue  i-Evalue hmmfrom  hmm to    alifrom  ali to    envfrom  env to     acc
 ---   ------ ----- --------- --------- ------- -------    ------- -------    ------- -------    ----
   1 !  251.0   9.1   2.4e-78   1.1e-74      54     216 ..       4     165 ..       1     166 [] 0.97

>> 944546.ABED_0716  protein_id="BAK70433.1" product="30S ribosomal protein S5" GI="345468982" project_id="61719"
   #    score  bias  c-Evalue  i-Evalue hmmfrom  hmm to    alifrom  ali to    envfrom  env to     acc
 ---   ------ ----- --------- --------- ------- -------    ------- -------    ------- -------    ----
   1 !  229.2   7.2   1.1e-71   5.2e-68      58     200 ..       4     145 ..       2     146 .] 0.98

>> 944547.ABLL_0991  protein_id="BAK72866.1" product="30S ribosomal protein S5" GI="345471416" project_id="61721"
   #    score  bias  c-Evalue  i-Evalue hmmfrom  hmm to    alifrom  ali to    envfrom  env to     acc
 ---   ------ ----- --------- --------- ------- -------    ------- -------    ------- -------    ----
   1 !  229.1   7.6   1.2e-71   5.4e-68      58     200 ..       4     145 ..       2     146 .] 0.98

>> 1148.SYNGTS_0759  protein_id="BAK49507.1" gene="rps5" product="30S ribosomal protein S5" GI="339273020" note="ORF_ID:sll1812" project_id="67081"
   #    score  bias  c-Evalue  i-Evalue hmmfrom  hmm to    alifrom  ali to    envfrom  env to     acc
 ---   ------ ----- --------- --------- ------- -------    ------- -------    ------- -------    ----
   1 !  223.4  14.4   6.3e-70   2.9e-66      49     216 ..       4     171 ..       1     173 [] 0.96



Internal pipeline statistics summary:
-------------------------------------
Query model(s):                            1  (233 nodes)
Target sequences:                      23272  (7230323 residues searched)
Passed MSV filter:                       947  (0.0406927); expected 465.4 (0.02)
Passed bias filter:                      593  (0.0254813); expected 465.4 (0.02)
Passed Vit filter:                        51  (0.00219147); expected 23.3 (0.001)
Passed Fwd filter:                         7  (0.000300791); expected 0.2 (1e-05)
Initial search space (Z):              23272  [actual number of targets]
Domain search space  (domZ):               5  [number of targets reported over threshold]
# CPU time: 0.18u 0.01s 00:00:00.19 Elapsed: 00:00:00.06
# Mc/sec: 24943.14
//
[ok]
