# hmmsearch :: search profile(s) against a sequence database
# HMMER 3.3.2 (Nov 2020); http://hmmer.org/
# Copyright (C) 2020 Howard Hughes Medical Institute.
# Freely distributed under the BSD open source license.
# - - - - - - - - - - - - - - - - - - - - - - - - - - - - - - - - - - - -
# query HMM file:                  data/COG0185.hmm
# target sequence database:        ../../../../fetchMGs/example_datasets/example_data_genomes.faa
# output directed to file:         ../../../example_output/hmmResults/COG0185.out
# per-dom hits tabular output:     ../../../example_output/hmmResults/COG0185.dom
# show alignments in output:       no
# max ASCII text line length:      unlimited
# sequence reporting threshold:    score >= 60
# number of worker threads:        8
# - - - - - - - - - - - - - - - - - - - - - - - - - - - - - - - - - - - -

Query:       COG0185  [M=146]
Scores for complete sequences (score includes all domains):
   --- full sequence ---   --- best 1 domain ---    -#dom-
    E-value  score  bias    E-value  score  bias    exp  N  Sequence           Description
    ------- ------ -----    ------- ------ -----   ---- --  --------           -----------
    3.7e-50  170.3   0.6      4e-50  170.2   0.6    1.0  1  1148.SYNGTS_0771    protein_id="BAK49519.1" gene="rps19" product="30S ribosomal protein S19" GI="339273032" note="ORF_ID:ssl3432" project_id="67081"
    1.4e-48  165.2   0.5    1.5e-48  165.0   0.5    1.0  1  1089456.NCGM2_5504  protein_id="BAK92325.1" gene="rpsS" product="30S ribosomal protein S19" GI="348036965" note="similar to GI:116052294; similar to PA14_08890 of P. aeruginosa UCBPP-PA14" project_id="73453"
    2.7e-46  157.8   0.3    2.8e-46  157.7   0.3    1.0  1  944547.ABLL_0978    protein_id="BAK72853.1" product="30S ribosomal protein S19" GI="345471403" project_id="61721"
      4e-46  157.2   0.3    4.3e-46  157.1   0.3    1.0  1  944546.ABED_0703    protein_id="BAK70420.1" product="30S ribosomal protein S19" GI="345468969" project_id="61719"
    4.2e-44  150.7   0.3    4.6e-44  150.5   0.3    1.0  1  1037409.BJ6T_43910  protein_id="BAL09660.1" gene="rpsS" product="30S ribosomal protein S19" GI="354956981" project_id="67463"


Domain annotation for each sequence:
>> 1148.SYNGTS_0771  protein_id="BAK49519.1" gene="rps19" product="30S ribosomal protein S19" GI="339273032" note="ORF_ID:ssl3432" project_id="67081"
   #    score  bias  c-Evalue  i-Evalue hmmfrom  hmm to    alifrom  ali to    envfrom  env to     acc
 ---   ------ ----- --------- --------- ------- -------    ------- -------    ------- -------    ----
   1 !  170.2   0.6   8.7e-54     4e-50      48     139 ..       1      92 []       1      92 [] 0.98

>> 1089456.NCGM2_5504  protein_id="BAK92325.1" gene="rpsS" product="30S ribosomal protein S19" GI="348036965" note="similar to GI:116052294; similar to PA14_08890 of P. aeruginosa UCBPP-PA14" project_id="73453"
   #    score  bias  c-Evalue  i-Evalue hmmfrom  hmm to    alifrom  ali to    envfrom  env to     acc
 ---   ------ ----- --------- --------- ------- -------    ------- -------    ------- -------    ----
   1 !  165.0   0.5   3.3e-52   1.5e-48      48     138 ..       1      90 [.       1      91 [] 0.96

>> 944547.ABLL_0978  protein_id="BAK72853.1" product="30S ribosomal protein S19" GI="345471403" project_id="61721"
   #    score  bias  c-Evalue  i-Evalue hmmfrom  hmm to    alifrom  ali to    envfrom  env to     acc
 ---   ------ ----- --------- --------- ------- -------    ------- -------    ------- -------    ----
   1 !  157.7   0.3   6.1e-50   2.8e-46      48     133 ..       1      86 [.       1      91 [] 0.95

>> 944546.ABED_0703  protein_id="BAK70420.1" product="30S ribosomal protein S19" GI="345468969" project_id="61719"
   #    score  bias  c-Evalue  i-Evalue hmmfrom  hmm to    alifrom  ali to    envfrom  env to     acc
 ---   ------ ----- --------- --------- ------- -------    ------- -------    ------- -------    ----
   1 !  157.1   0.3   9.2e-50   4.3e-46      48     133 ..       1      86 [.       1      91 [] 0.95

>> 1037409.BJ6T_43910  protein_id="BAL09660.1" gene="rpsS" product="30S ribosomal protein S19" GI="354956981" project_id="67463"
   #    score  bias  c-Evalue  i-Evalue hmmfrom  hmm to    alifrom  ali to    envfrom  env to     acc
 ---   ------ ----- --------- --------- ------- -------    ------- -------    ------- -------    ----
   1 !  150.5   0.3   9.8e-48   4.6e-44      48     139 ..       1      91 [.       1      92 [] 0.96



Internal pipeline statistics summary:
-------------------------------------
Query model(s):                            1  (146 nodes)
Target sequences:                      23272  (7230323 residues searched)
Passed MSV filter:                       651  (0.0279735); expected 465.4 (0.02)
Passed bias filter:                      431  (0.0185201); expected 465.4 (0.02)
Passed Vit filter:                        41  (0.00176177); expected 23.3 (0.001)
Passed Fwd filter:                         5  (0.00021485); expected 0.2 (1e-05)
Initial search space (Z):              23272  [actual number of targets]
Domain search space  (domZ):               5  [number of targets reported over threshold]
# CPU time: 0.12u 0.02s 00:00:00.13 Elapsed: 00:00:00.06
# Mc/sec: 16700.80
//
[ok]
