# hmmsearch :: search profile(s) against a sequence database
# HMMER 3.3.2 (Nov 2020); http://hmmer.org/
# Copyright (C) 2020 Howard Hughes Medical Institute.
# Freely distributed under the BSD open source license.
# - - - - - - - - - - - - - - - - - - - - - - - - - - - - - - - - - - - -
# query HMM file:                  data/COG0052.hmm
# target sequence database:        ../../../../fetchMGs/example_datasets/example_data_genomes.faa
# output directed to file:         ../../../example_output/hmmResults/COG0052.out
# per-dom hits tabular output:     ../../../example_output/hmmResults/COG0052.dom
# show alignments in output:       no
# max ASCII text line length:      unlimited
# sequence reporting threshold:    score >= 60
# number of worker threads:        8
# - - - - - - - - - - - - - - - - - - - - - - - - - - - - - - - - - - - -

Query:       COG0052  [M=333]
Scores for complete sequences (score includes all domains):
   --- full sequence ---   --- best 1 domain ---    -#dom-
    E-value  score  bias    E-value  score  bias    exp  N  Sequence           Description
    ------- ------ -----    ------- ------ -----   ---- --  --------           -----------
   3.9e-122  407.6   0.0   4.2e-122  407.5   0.0    1.0  1  1089456.NCGM2_4787  protein_id="BAK91610.1" gene="rpsB" product="30S ribosomal protein S2" GI="348036250" note="similar to GI:116051653; similar to PA14_17060 of P. aeruginosa UCBPP-PA14" project_id="73453"
     5e-117  390.8   1.0   5.4e-117  390.7   1.0    1.0  1  944546.ABED_0514    protein_id="BAK70231.1" product="30S ribosomal protein S2" GI="345468780" project_id="61719"
   3.4e-116  388.1   0.0   4.2e-116  387.8   0.0    1.0  1  1037409.BJ6T_48500  protein_id="BAL10112.1" product="30S ribosomal protein S2" GI="354957433" project_id="67463"
   4.1e-116  387.8   0.8   4.5e-116  387.7   0.8    1.0  1  944547.ABLL_0659    protein_id="BAK72534.1" product="30S ribosomal protein S2" GI="345471084" project_id="61721"
   4.4e-116  387.7   0.0   4.8e-116  387.6   0.0    1.0  1  1148.SYNGTS_1572    protein_id="BAK50320.1" gene="rps2" product="30S ribosomal protein S2" GI="339273833" note="ORF_ID:sll1260" project_id="67081"


Domain annotation for each sequence:
>> 1089456.NCGM2_4787  protein_id="BAK91610.1" gene="rpsB" product="30S ribosomal protein S2" GI="348036250" note="similar to GI:116051653; similar to PA14_17060 of P. aeruginosa UCBPP-PA14" project_id="73453"
   #    score  bias  c-Evalue  i-Evalue hmmfrom  hmm to    alifrom  ali to    envfrom  env to     acc
 ---   ------ ----- --------- --------- ------- -------    ------- -------    ------- -------    ----
   1 !  407.5   0.0  9.1e-126  4.2e-122      26     264 ..       1     239 [.       1     246 [] 0.96

>> 944546.ABED_0514  protein_id="BAK70231.1" product="30S ribosomal protein S2" GI="345468780" project_id="61719"
   #    score  bias  c-Evalue  i-Evalue hmmfrom  hmm to    alifrom  ali to    envfrom  env to     acc
 ---   ------ ----- --------- --------- ------- -------    ------- -------    ------- -------    ----
   1 !  390.7   1.0  1.2e-120  5.4e-117      29     286 ..       2     259 ..       1     265 [] 0.95

>> 1037409.BJ6T_48500  protein_id="BAL10112.1" product="30S ribosomal protein S2" GI="354957433" project_id="67463"
   #    score  bias  c-Evalue  i-Evalue hmmfrom  hmm to    alifrom  ali to    envfrom  env to     acc
 ---   ------ ----- --------- --------- ------- -------    ------- -------    ------- -------    ----
   1 !  387.8   0.0  8.9e-120  4.2e-116      27     265 ..       4     242 ..       1     258 [. 0.96

>> 944547.ABLL_0659  protein_id="BAK72534.1" product="30S ribosomal protein S2" GI="345471084" project_id="61721"
   #    score  bias  c-Evalue  i-Evalue hmmfrom  hmm to    alifrom  ali to    envfrom  env to     acc
 ---   ------ ----- --------- --------- ------- -------    ------- -------    ------- -------    ----
   1 !  387.7   0.8  9.7e-120  4.5e-116      29     283 ..       2     256 ..       1     263 [] 0.94

>> 1148.SYNGTS_1572  protein_id="BAK50320.1" gene="rps2" product="30S ribosomal protein S2" GI="339273833" note="ORF_ID:sll1260" project_id="67081"
   #    score  bias  c-Evalue  i-Evalue hmmfrom  hmm to    alifrom  ali to    envfrom  env to     acc
 ---   ------ ----- --------- --------- ------- -------    ------- -------    ------- -------    ----
   1 !  387.6   0.0    1e-119  4.8e-116      26     286 ..       1     260 [.       1     269 [] 0.91



Internal pipeline statistics summary:
-------------------------------------
Query model(s):                            1  (333 nodes)
Target sequences:                      23272  (7230323 residues searched)
Passed MSV filter:                      1175  (0.0504899); expected 465.4 (0.02)
Passed bias filter:                      588  (0.0252664); expected 465.4 (0.02)
Passed Vit filter:                        81  (0.00348058); expected 23.3 (0.001)
Passed Fwd filter:                        12  (0.000515641); expected 0.2 (1e-05)
Initial search space (Z):              23272  [actual number of targets]
Domain search space  (domZ):               5  [number of targets reported over threshold]
# CPU time: 0.26u 0.02s 00:00:00.28 Elapsed: 00:00:00.06
# Mc/sec: 35806.27
//
[ok]
