# hmmsearch :: search profile(s) against a sequence database
# HMMER 3.3.2 (Nov 2020); http://hmmer.org/
# Copyright (C) 2020 Howard Hughes Medical Institute.
# Freely distributed under the BSD open source license.
# - - - - - - - - - - - - - - - - - - - - - - - - - - - - - - - - - - - -
# query HMM file:                  data/COG0096.hmm
# target sequence database:        ../../../../fetchMGs/example_datasets/example_data_genomes.faa
# output directed to file:         ../../../example_output/hmmResults/COG0096.out
# per-dom hits tabular output:     ../../../example_output/hmmResults/COG0096.dom
# show alignments in output:       no
# max ASCII text line length:      unlimited
# sequence reporting threshold:    score >= 60
# number of worker threads:        8
# - - - - - - - - - - - - - - - - - - - - - - - - - - - - - - - - - - - -

Query:       COG0096  [M=133]
Scores for complete sequences (score includes all domains):
   --- full sequence ---   --- best 1 domain ---    -#dom-
    E-value  score  bias    E-value  score  bias    exp  N  Sequence           Description
    ------- ------ -----    ------- ------ -----   ---- --  --------           -----------
      1e-51  174.6   0.0    1.1e-51  174.5   0.0    1.0  1  1037409.BJ6T_44010  protein_id="BAL09670.1" gene="rpsH" product="30S ribosomal protein S8" GI="354956991" project_id="67463"
    5.6e-51  172.3   0.1    6.2e-51  172.1   0.1    1.0  1  1148.SYNGTS_0762    protein_id="BAK49510.1" gene="rps8" product="30S ribosomal protein S8" GI="339273023" note="ORF_ID:sll1809" project_id="67081"
    2.9e-46  157.0   1.8    3.2e-46  156.9   1.8    1.0  1  944546.ABED_0713    protein_id="BAK70430.1" product="30S ribosomal protein S8" GI="345468979" project_id="61719"
    4.2e-46  156.5   2.2    4.6e-46  156.3   2.2    1.0  1  944547.ABLL_0988    protein_id="BAK72863.1" product="30S ribosomal protein S8" GI="345471413" project_id="61721"
    6.7e-45  152.6   0.1    7.4e-45  152.5   0.1    1.0  1  1089456.NCGM2_5494  protein_id="BAK92315.1" gene="rpsH" product="30S ribosomal protein S8" GI="348036955" note="similar to GI:116052284; similar to PA14_08990 of P. aeruginosa UCBPP-PA14" project_id="73453"


Domain annotation for each sequence:
>> 1037409.BJ6T_44010  protein_id="BAL09670.1" gene="rpsH" product="30S ribosomal protein S8" GI="354956991" project_id="67463"
   #    score  bias  c-Evalue  i-Evalue hmmfrom  hmm to    alifrom  ali to    envfrom  env to     acc
 ---   ------ ----- --------- --------- ------- -------    ------- -------    ------- -------    ----
   1 !  174.5   0.0   2.5e-55   1.1e-51       2     133 .]       1     132 []       1     132 [] 0.96

>> 1148.SYNGTS_0762  protein_id="BAK49510.1" gene="rps8" product="30S ribosomal protein S8" GI="339273023" note="ORF_ID:sll1809" project_id="67081"
   #    score  bias  c-Evalue  i-Evalue hmmfrom  hmm to    alifrom  ali to    envfrom  env to     acc
 ---   ------ ----- --------- --------- ------- -------    ------- -------    ------- -------    ----
   1 !  172.1   0.1   1.3e-54   6.2e-51       2     133 .]       1     133 []       1     133 [] 0.97

>> 944546.ABED_0713  protein_id="BAK70430.1" product="30S ribosomal protein S8" GI="345468979" project_id="61719"
   #    score  bias  c-Evalue  i-Evalue hmmfrom  hmm to    alifrom  ali to    envfrom  env to     acc
 ---   ------ ----- --------- --------- ------- -------    ------- -------    ------- -------    ----
   1 !  156.9   1.8   6.9e-50   3.2e-46       4     133 .]       2     132 .]       1     132 [] 0.96

>> 944547.ABLL_0988  protein_id="BAK72863.1" product="30S ribosomal protein S8" GI="345471413" project_id="61721"
   #    score  bias  c-Evalue  i-Evalue hmmfrom  hmm to    alifrom  ali to    envfrom  env to     acc
 ---   ------ ----- --------- --------- ------- -------    ------- -------    ------- -------    ----
   1 !  156.3   2.2     1e-49   4.6e-46       4     133 .]       2     132 .]       1     132 [] 0.96

>> 1089456.NCGM2_5494  protein_id="BAK92315.1" gene="rpsH" product="30S ribosomal protein S8" GI="348036955" note="similar to GI:116052284; similar to PA14_08990 of P. aeruginosa UCBPP-PA14" project_id="73453"
   #    score  bias  c-Evalue  i-Evalue hmmfrom  hmm to    alifrom  ali to    envfrom  env to     acc
 ---   ------ ----- --------- --------- ------- -------    ------- -------    ------- -------    ----
   1 !  152.5   0.1   1.6e-48   7.4e-45      28     133 .]       1     104 []       1     104 [] 0.97



Internal pipeline statistics summary:
-------------------------------------
Query model(s):                            1  (133 nodes)
Target sequences:                      23272  (7230323 residues searched)
Passed MSV filter:                       725  (0.0311533); expected 465.4 (0.02)
Passed bias filter:                      507  (0.0217858); expected 465.4 (0.02)
Passed Vit filter:                        57  (0.0024493); expected 23.3 (0.001)
Passed Fwd filter:                         9  (0.000386731); expected 0.2 (1e-05)
Initial search space (Z):              23272  [actual number of targets]
Domain search space  (domZ):               5  [number of targets reported over threshold]
# CPU time: 0.14u 0.01s 00:00:00.15 Elapsed: 00:00:00.06
# Mc/sec: 15538.92
//
[ok]
