# hmmsearch :: search profile(s) against a sequence database
# HMMER 3.3.2 (Nov 2020); http://hmmer.org/
# Copyright (C) 2020 Howard Hughes Medical Institute.
# Freely distributed under the BSD open source license.
# - - - - - - - - - - - - - - - - - - - - - - - - - - - - - - - - - - - -
# query HMM file:                  /nfs/cds-peta/exports/biol_micro_cds_gr_sunagawa/scratch/lifeer/fetchmgs_dev/fetchmgs/data/COG0495.hmm
# target sequence database:        /nfs/cds-peta/exports/biol_micro_cds_gr_sunagawa/scratch/lifeer/fetchmgs_dev/data/example_data_genomes.faa
# output directed to file:         output/hmmResults/COG0495.out
# per-dom hits tabular output:     output/hmmResults/COG0495.dom
# show alignments in output:       no
# max ASCII text line length:      unlimited
# sequence reporting threshold:    score >= 60
# number of worker threads:        1
# - - - - - - - - - - - - - - - - - - - - - - - - - - - - - - - - - - - -

Query:       COG0495  [M=1244]
Scores for complete sequences (score includes all domains):
   --- full sequence ---   --- best 1 domain ---    -#dom-
    E-value  score  bias    E-value  score  bias    exp  N  Sequence           Description
    ------- ------ -----    ------- ------ -----   ---- --  --------           -----------
          0 1288.3   0.2          0 1288.1   0.2    1.0  1  1089456.NCGM2_5187  protein_id="BAK92008.1" gene="leuS" product="leucyl-tRNA synthetase" GI="348036648" note="similar to GI:116052026; similar to PA14_12230 of P. aeruginosa UCBPP-PA14" project_id="73453"
          0 1256.6   0.3          0 1256.5   0.3    1.0  1  1148.SYNGTS_0727    protein_id="BAK49475.1" gene="leuS" product="leucyl-tRNA synthetase" GI="339272988" note="ORF_ID:sll1074" project_id="67081"
          0 1139.6   0.0          0 1139.5   0.0    1.0  1  1037409.BJ6T_05950  protein_id="BAL05890.1" product="leucyl-tRNA synthetase" GI="354953211" project_id="67463"
          0 1107.7   5.3          0 1107.5   5.3    1.0  1  944546.ABED_0377    protein_id="BAK70094.1" product="leucyl-tRNA synthase" GI="345468643" project_id="61719"
          0 1100.3   3.1          0 1100.1   3.1    1.0  1  944547.ABLL_0532    protein_id="BAK72407.1" product="leucyl-tRNA synthase" GI="345470957" project_id="61721"
    1.9e-83  281.3   0.1    5.8e-53  180.3   0.0    3.2  3  944547.ABLL_0703    protein_id="BAK72578.1" product="valyl-tRNA synthase" GI="345471128" project_id="61721"
    2.9e-83  280.7   0.0    4.6e-51  174.0   0.0    3.1  3  1037409.BJ6T_52700  protein_id="BAL10530.1" product="valyl-tRNA synthetase" GI="354957851" project_id="67463"
      4e-83  280.2   0.0    1.4e-29  102.9   0.0    4.1  4  1089456.NCGM2_5023  protein_id="BAK91845.1" gene="valS" product="valyl-tRNA synthetase" GI="348036485" note="similar to GI:116051862; similar to PA14_14440 of P. aeruginosa UCBPP-PA14" project_id="73453"
    2.1e-82  277.9   0.0    1.3e-52  179.2   0.0    3.3  3  944546.ABED_0537    protein_id="BAK70254.1" product="valyl-tRNA synthase" GI="345468803" project_id="61719"
    3.9e-82  277.0   0.0    2.9e-49  168.0   0.0    3.5  4  1148.SYNGTS_2918    protein_id="BAK51666.1" gene="valS" product="valyl-tRNA synthetase" GI="339275179" note="ORF_ID:slr0557" project_id="67081"
    2.4e-76  257.8   0.0    1.7e-73  248.3   0.0    2.1  1  1148.SYNGTS_0971    protein_id="BAK49719.1" gene="ileS" product="isoleucyl-tRNA synthetase" GI="339273232" note="ORF_ID:sll1362" project_id="67081"
      1e-58  199.4   0.0    3.4e-19   68.5   0.0    3.0  3  1089456.NCGM2_1036  protein_id="BAK87911.1" gene="ileS" product="isoleucyl-tRNA synthetase" GI="348032551" note="similar to GI:116052703; similar to PA14_60370 of P. aeruginosa UCBPP-PA14" project_id="73453"
    1.6e-57  195.4   0.0    5.6e-20   71.1   0.1    3.0  3  944546.ABED_0486    protein_id="BAK70203.1" product="isoleucyl-tRNA synthase" GI="345468752" project_id="61719"
    2.1e-57  195.0   0.0    8.2e-20   70.5   0.1    3.0  3  944547.ABLL_0649    protein_id="BAK72524.1" product="isoleucyl-tRNA synthase" GI="345471074" project_id="61721"
    2.5e-48  164.9   0.0    9.9e-29  100.0   0.0    2.9  2  1037409.BJ6T_18080  protein_id="BAL07089.1" product="isoleucyl-tRNA synthetase" GI="354954410" project_id="67463"
    1.1e-39  136.3   4.0    9.4e-25   86.9   2.4    2.1  2  1037409.BJ6T_52150  protein_id="BAL10475.1" product="methionyl-tRNA synthetase" GI="354957796" project_id="67463"
    2.1e-37  128.8   4.0    2.7e-19   68.8   0.4    2.1  2  944547.ABLL_1549    protein_id="BAK73424.1" product="methionyl-tRNA synthase" GI="345471974" project_id="61721"
    1.6e-36  125.9   4.1    5.8e-18   64.4   0.4    2.1  2  944546.ABED_1143    protein_id="BAK70860.1" product="methionyl-tRNA synthase" GI="345469409" project_id="61719"
      4e-31  108.0   0.1    6.6e-16   57.6   0.0    2.0  2  1148.SYNGTS_2408    protein_id="BAK51156.1" gene="metS" product="methionyl-tRNA synthetase" GI="339274669" note="ORF_ID:slr0649" project_id="67081"
    6.4e-24   84.1   0.0      4e-15   55.0   0.0    2.9  3  1037409.BJ6T_83400  protein_id="BAL13583.1" GI="354960904" project_id="67463"
    3.7e-22   78.3   0.0    1.9e-13   49.4   0.0    2.1  2  1089456.NCGM2_4622  protein_id="BAK91445.1" gene="metG" product="methionyl-tRNA synthetase" GI="348036085" note="similar to GI:116051500; similar to PA14_19050 of P. aeruginosa UCBPP-PA14" project_id="73453"


Domain annotation for each sequence:
>> 1089456.NCGM2_5187  protein_id="BAK92008.1" gene="leuS" product="leucyl-tRNA synthetase" GI="348036648" note="similar to GI:116052026; similar to PA14_12230 of P. aeruginosa UCBPP-PA14" project_id="73453"
   #    score  bias  c-Evalue  i-Evalue hmmfrom  hmm to    alifrom  ali to    envfrom  env to     acc
 ---   ------ ----- --------- --------- ------- -------    ------- -------    ------- -------    ----
   1 ! 1288.1   0.2         0         0     472    1240 ..       3     886 ..       1     887 [] 0.95

>> 1148.SYNGTS_0727  protein_id="BAK49475.1" gene="leuS" product="leucyl-tRNA synthetase" GI="339272988" note="ORF_ID:sll1074" project_id="67081"
   #    score  bias  c-Evalue  i-Evalue hmmfrom  hmm to    alifrom  ali to    envfrom  env to     acc
 ---   ------ ----- --------- --------- ------- -------    ------- -------    ------- -------    ----
   1 ! 1256.5   0.3         0         0     474    1240 ..       5     868 ..       1     869 [] 0.96

>> 1037409.BJ6T_05950  protein_id="BAL05890.1" product="leucyl-tRNA synthetase" GI="354953211" project_id="67463"
   #    score  bias  c-Evalue  i-Evalue hmmfrom  hmm to    alifrom  ali to    envfrom  env to     acc
 ---   ------ ----- --------- --------- ------- -------    ------- -------    ------- -------    ----
   1 ! 1139.5   0.0         0         0     470    1239 ..       2     873 ..       1     874 [] 0.95

>> 944546.ABED_0377  protein_id="BAK70094.1" product="leucyl-tRNA synthase" GI="345468643" project_id="61719"
   #    score  bias  c-Evalue  i-Evalue hmmfrom  hmm to    alifrom  ali to    envfrom  env to     acc
 ---   ------ ----- --------- --------- ------- -------    ------- -------    ------- -------    ----
   1 ! 1107.5   5.3         0         0     473    1241 ..       2     820 ..       1     821 [] 0.94

>> 944547.ABLL_0532  protein_id="BAK72407.1" product="leucyl-tRNA synthase" GI="345470957" project_id="61721"
   #    score  bias  c-Evalue  i-Evalue hmmfrom  hmm to    alifrom  ali to    envfrom  env to     acc
 ---   ------ ----- --------- --------- ------- -------    ------- -------    ------- -------    ----
   1 ! 1100.1   3.1         0         0     473    1241 ..       2     820 ..       1     821 [] 0.94

>> 944547.ABLL_0703  protein_id="BAK72578.1" product="valyl-tRNA synthase" GI="345471128" project_id="61721"
   #    score  bias  c-Evalue  i-Evalue hmmfrom  hmm to    alifrom  ali to    envfrom  env to     acc
 ---   ------ ----- --------- --------- ------- -------    ------- -------    ------- -------    ----
   1 !   90.1   0.0   8.9e-29   9.8e-26     472     639 ..       3     195 ..       1     210 [. 0.87
   2 !    8.5   0.5    0.0004      0.44     700     727 ..     217     244 ..     202     250 .. 0.81
   3 !  180.3   0.0   5.2e-56   5.8e-53     761    1215 ..     244     764 ..     239     867 .. 0.80

>> 1037409.BJ6T_52700  protein_id="BAL10530.1" product="valyl-tRNA synthetase" GI="354957851" project_id="67463"
   #    score  bias  c-Evalue  i-Evalue hmmfrom  hmm to    alifrom  ali to    envfrom  env to     acc
 ---   ------ ----- --------- --------- ------- -------    ------- -------    ------- -------    ----
   1 !   96.8   0.0   8.6e-31   9.5e-28     472     642 ..       4     195 ..       1     213 [. 0.88
   2 !    6.9   0.1    0.0012       1.3     699     724 ..     219     244 ..     208     250 .. 0.89
   3 !  174.0   0.0   4.2e-54   4.6e-51     763    1170 ..     249     758 ..     243     774 .. 0.83

>> 1089456.NCGM2_5023  protein_id="BAK91845.1" gene="valS" product="valyl-tRNA synthetase" GI="348036485" note="similar to GI:116051862; similar to PA14_14440 of P. aeruginosa UCBPP-PA14" project_id="73453"
   #    score  bias  c-Evalue  i-Evalue hmmfrom  hmm to    alifrom  ali to    envfrom  env to     acc
 ---   ------ ----- --------- --------- ------- -------    ------- -------    ------- -------    ----
   1 !  102.9   0.0   1.2e-32   1.4e-29     472     645 ..       3     191 ..       1     203 [. 0.94
   2 !    6.7   0.0    0.0014       1.5     698     726 ..     211     239 ..     202     243 .. 0.85
   3 !  100.6   0.0   6.3e-32   6.9e-29     760    1042 ..     239     572 ..     235     575 .. 0.85
   4 !   66.5   0.0   1.2e-21   1.3e-18    1034    1222 ..     601     943 ..     576     949 .. 0.76

>> 944546.ABED_0537  protein_id="BAK70254.1" product="valyl-tRNA synthase" GI="345468803" project_id="61719"
   #    score  bias  c-Evalue  i-Evalue hmmfrom  hmm to    alifrom  ali to    envfrom  env to     acc
 ---   ------ ----- --------- --------- ------- -------    ------- -------    ------- -------    ----
   1 !   88.7   0.0   2.3e-28   2.6e-25     472     639 ..       3     190 ..       1     203 [. 0.84
   2 !    6.8   0.1    0.0013       1.4     699     723 ..     205     235 ..     188     241 .. 0.82
   3 !  179.2   0.0   1.2e-55   1.3e-52     762    1198 ..     240     763 ..     234     863 .. 0.80

>> 1148.SYNGTS_2918  protein_id="BAK51666.1" gene="valS" product="valyl-tRNA synthetase" GI="339275179" note="ORF_ID:slr0557" project_id="67081"
   #    score  bias  c-Evalue  i-Evalue hmmfrom  hmm to    alifrom  ali to    envfrom  env to     acc
 ---   ------ ----- --------- --------- ------- -------    ------- -------    ------- -------    ----
   1 !  100.2   0.0     8e-32   8.9e-29     473     642 ..       8     195 ..       1     207 [. 0.88
   2 !    5.6   0.0    0.0029       3.3     700     724 ..     205     237 ..     196     242 .. 0.79
   3 !  168.0   0.0   2.6e-52   2.9e-49     761    1180 ..     240     752 ..     235     827 .. 0.81
   4 ?   -2.3   0.0      0.71   7.8e+02    1091    1115 ..     848     872 ..     808     909 .. 0.69

>> 1148.SYNGTS_0971  protein_id="BAK49719.1" gene="ileS" product="isoleucyl-tRNA synthetase" GI="339273232" note="ORF_ID:sll1362" project_id="67081"
   #    score  bias  c-Evalue  i-Evalue hmmfrom  hmm to    alifrom  ali to    envfrom  env to     acc
 ---   ------ ----- --------- --------- ------- -------    ------- -------    ------- -------    ----
   1 !  248.3   0.0   1.6e-76   1.7e-73     461    1178 ..       9     820 ..       1     858 [. 0.79

>> 1089456.NCGM2_1036  protein_id="BAK87911.1" gene="ileS" product="isoleucyl-tRNA synthetase" GI="348032551" note="similar to GI:116052703; similar to PA14_60370 of P. aeruginosa UCBPP-PA14" project_id="73453"
   #    score  bias  c-Evalue  i-Evalue hmmfrom  hmm to    alifrom  ali to    envfrom  env to     acc
 ---   ------ ----- --------- --------- ------- -------    ------- -------    ------- -------    ----
   1 !   68.5   0.0   3.1e-22   3.4e-19     480     640 ..       9     184 ..       5     197 .. 0.85
   2 !   66.4   0.0   1.3e-21   1.4e-18     700     885 ..     207     470 ..     187     533 .. 0.80
   3 !   61.1   0.0     5e-20   5.5e-17     997    1197 ..     569     815 ..     557     852 .. 0.73

>> 944546.ABED_0486  protein_id="BAK70203.1" product="isoleucyl-tRNA synthase" GI="345468752" project_id="61719"
   #    score  bias  c-Evalue  i-Evalue hmmfrom  hmm to    alifrom  ali to    envfrom  env to     acc
 ---   ------ ----- --------- --------- ------- -------    ------- -------    ------- -------    ----
   1 !   71.1   0.1     5e-23   5.6e-20     480     643 ..      24     206 ..       6     218 .. 0.84
   2 !   70.7   0.0   6.3e-23     7e-20     698     892 ..     212     484 ..     207     535 .. 0.83
   3 !   50.5   0.0   8.1e-17   8.9e-14    1002    1158 ..     582     771 ..     565     844 .. 0.70

>> 944547.ABLL_0649  protein_id="BAK72524.1" product="isoleucyl-tRNA synthase" GI="345471074" project_id="61721"
   #    score  bias  c-Evalue  i-Evalue hmmfrom  hmm to    alifrom  ali to    envfrom  env to     acc
 ---   ------ ----- --------- --------- ------- -------    ------- -------    ------- -------    ----
   1 !   70.5   0.1   7.4e-23   8.2e-20     480     643 ..      24     206 ..       6     217 .. 0.84
   2 !   70.1   0.0     1e-22   1.1e-19     698     892 ..     212     484 ..     207     535 .. 0.85
   3 !   51.2   0.1   5.1e-17   5.7e-14    1002    1161 ..     582     775 ..     567     838 .. 0.64

>> 1037409.BJ6T_18080  protein_id="BAL07089.1" product="isoleucyl-tRNA synthetase" GI="354954410" project_id="67463"
   #    score  bias  c-Evalue  i-Evalue hmmfrom  hmm to    alifrom  ali to    envfrom  env to     acc
 ---   ------ ----- --------- --------- ------- -------    ------- -------    ------- -------    ----
   1 !  100.0   0.0     9e-32   9.9e-29     473     883 ..      30     556 ..       2     567 .. 0.79
   2 !   59.9   0.0   1.2e-19   1.3e-16    1000    1201 ..     672     916 ..     659     936 .. 0.75

>> 1037409.BJ6T_52150  protein_id="BAL10475.1" product="methionyl-tRNA synthetase" GI="354957796" project_id="67463"
   #    score  bias  c-Evalue  i-Evalue hmmfrom  hmm to    alifrom  ali to    envfrom  env to     acc
 ---   ------ ----- --------- --------- ------- -------    ------- -------    ------- -------    ----
   1 !   86.9   2.4   8.5e-28   9.4e-25     400     674 ..      32     327 ..       3     334 .. 0.68
   2 !   48.9   0.0   2.6e-16   2.8e-13     960    1153 ..     396     615 ..     373     630 .. 0.80

>> 944547.ABLL_1549  protein_id="BAK73424.1" product="methionyl-tRNA synthase" GI="345471974" project_id="61721"
   #    score  bias  c-Evalue  i-Evalue hmmfrom  hmm to    alifrom  ali to    envfrom  env to     acc
 ---   ------ ----- --------- --------- ------- -------    ------- -------    ------- -------    ----
   1 !   68.8   0.4   2.4e-22   2.7e-19     501     672 ..       6     177 ..       1     184 [. 0.95
   2 !   61.4   0.3   4.1e-20   4.6e-17     988    1184 ..     274     503 ..     245     570 .. 0.71

>> 944546.ABED_1143  protein_id="BAK70860.1" product="methionyl-tRNA synthase" GI="345469409" project_id="61719"
   #    score  bias  c-Evalue  i-Evalue hmmfrom  hmm to    alifrom  ali to    envfrom  env to     acc
 ---   ------ ----- --------- --------- ------- -------    ------- -------    ------- -------    ----
   1 !   62.9   0.3   1.5e-20   1.6e-17     501     672 ..       6     177 ..       1     184 [. 0.95
   2 !   64.4   0.4   5.2e-21   5.8e-18     987    1239 ..     273     561 ..     246     568 .. 0.74

>> 1148.SYNGTS_2408  protein_id="BAK51156.1" gene="metS" product="methionyl-tRNA synthetase" GI="339274669" note="ORF_ID:slr0649" project_id="67081"
   #    score  bias  c-Evalue  i-Evalue hmmfrom  hmm to    alifrom  ali to    envfrom  env to     acc
 ---   ------ ----- --------- --------- ------- -------    ------- -------    ------- -------    ----
   1 !   48.4   0.1   3.6e-16     4e-13     501     670 ..       7     177 ..       2     189 .. 0.91
   2 !   57.6   0.0     6e-19   6.6e-16     953    1168 ..     246     491 ..     227     506 .. 0.76

>> 1037409.BJ6T_83400  protein_id="BAL13583.1" GI="354960904" project_id="67463"
   #    score  bias  c-Evalue  i-Evalue hmmfrom  hmm to    alifrom  ali to    envfrom  env to     acc
 ---   ------ ----- --------- --------- ------- -------    ------- -------    ------- -------    ----
   1 !   55.0   0.0   3.6e-18     4e-15     502     649 ..       3     149 ..       1     154 [. 0.94
   2 ?    1.3   0.0     0.057        63     859     879 ..     223     243 ..     213     252 .. 0.85
   3 !   24.0   0.0   8.3e-09   9.2e-06    1014    1169 ..     328     519 ..     298     526 .. 0.71

>> 1089456.NCGM2_4622  protein_id="BAK91445.1" gene="metG" product="methionyl-tRNA synthetase" GI="348036085" note="similar to GI:116051500; similar to PA14_19050 of P. aeruginosa UCBPP-PA14" project_id="73453"
   #    score  bias  c-Evalue  i-Evalue hmmfrom  hmm to    alifrom  ali to    envfrom  env to     acc
 ---   ------ ----- --------- --------- ------- -------    ------- -------    ------- -------    ----
   1 !   49.4   0.0   1.7e-16   1.9e-13     501     648 ..       5     150 ..       1     151 [. 0.94
   2 !   26.8   0.0   1.2e-09   1.3e-06     985    1171 ..     301     515 ..     297     573 .. 0.74



Internal pipeline statistics summary:
-------------------------------------
Query model(s):                            1  (1244 nodes)
Target sequences:                      23272  (7230323 residues searched)
Passed MSV filter:                       796  (0.0342042); expected 465.4 (0.02)
Passed bias filter:                      599  (0.0257391); expected 465.4 (0.02)
Passed Vit filter:                        83  (0.00356652); expected 23.3 (0.001)
Passed Fwd filter:                        33  (0.00141801); expected 0.2 (1e-05)
Initial search space (Z):              23272  [actual number of targets]
Domain search space  (domZ):              21  [number of targets reported over threshold]
# CPU time: 1.45u 0.03s 00:00:01.48 Elapsed: 00:00:01.39
# Mc/sec: 6440.54
//
[ok]
