# hmmsearch :: search profile(s) against a sequence database
# HMMER 3.3.2 (Nov 2020); http://hmmer.org/
# Copyright (C) 2020 Howard Hughes Medical Institute.
# Freely distributed under the BSD open source license.
# - - - - - - - - - - - - - - - - - - - - - - - - - - - - - - - - - - - -
# query HMM file:                  /nfs/cds-peta/exports/biol_micro_cds_gr_sunagawa/scratch/lifeer/fetchmgs_dev/fetchmgs/data/COG0522.hmm
# target sequence database:        /nfs/cds-peta/exports/biol_micro_cds_gr_sunagawa/scratch/lifeer/fetchmgs_dev/data/example_data_genomes.faa
# output directed to file:         output/hmmResults/COG0522.out
# per-dom hits tabular output:     output/hmmResults/COG0522.dom
# show alignments in output:       no
# max ASCII text line length:      unlimited
# sequence reporting threshold:    score >= 60
# number of worker threads:        1
# - - - - - - - - - - - - - - - - - - - - - - - - - - - - - - - - - - - -

Query:       COG0522  [M=267]
Scores for complete sequences (score includes all domains):
   --- full sequence ---   --- best 1 domain ---    -#dom-
    E-value  score  bias    E-value  score  bias    exp  N  Sequence           Description
    ------- ------ -----    ------- ------ -----   ---- --  --------           -----------
    2.5e-88  296.6   0.5    2.8e-88  296.5   0.5    1.0  1  1089456.NCGM2_5484  protein_id="BAK92305.1" gene="rpsD" product="30S ribosomal protein S4" GI="348036945" note="similar to GI:116052274; similar to PA14_09100 of P. aeruginosa UCBPP-PA14" project_id="73453"
      4e-85  286.2   1.0    4.5e-85  286.0   1.0    1.0  1  944547.ABLL_1772    protein_id="BAK73647.1" product="30S ribosomal protein S4" GI="345472197" project_id="61721"
    8.6e-85  285.1   0.8    9.6e-85  284.9   0.8    1.0  1  944546.ABED_0965    protein_id="BAK70682.1" product="30S ribosomal protein S4" GI="345469231" project_id="61719"
      3e-80  270.2   0.6    3.3e-80  270.0   0.6    1.0  1  1037409.BJ6T_40230  protein_id="BAL09297.1" gene="rpsD" product="30S ribosomal protein S4" GI="354956618" project_id="67463"
    4.2e-77  259.9   0.1    4.6e-77  259.7   0.1    1.0  1  1148.SYNGTS_2341    protein_id="BAK51089.1" gene="rps4" product="30S ribosomal protein S4" GI="339274602" note="ORF_ID:slr0469" project_id="67081"


Domain annotation for each sequence:
>> 1089456.NCGM2_5484  protein_id="BAK92305.1" gene="rpsD" product="30S ribosomal protein S4" GI="348036945" note="similar to GI:116052274; similar to PA14_09100 of P. aeruginosa UCBPP-PA14" project_id="73453"
   #    score  bias  c-Evalue  i-Evalue hmmfrom  hmm to    alifrom  ali to    envfrom  env to     acc
 ---   ------ ----- --------- --------- ------- -------    ------- -------    ------- -------    ----
   1 !  296.5   0.5   6.1e-92   2.8e-88      72     265 ..       1     206 []       1     206 [] 0.96

>> 944547.ABLL_1772  protein_id="BAK73647.1" product="30S ribosomal protein S4" GI="345472197" project_id="61721"
   #    score  bias  c-Evalue  i-Evalue hmmfrom  hmm to    alifrom  ali to    envfrom  env to     acc
 ---   ------ ----- --------- --------- ------- -------    ------- -------    ------- -------    ----
   1 !  286.0   1.0   9.6e-89   4.5e-85      72     265 ..       1     208 []       1     208 [] 0.97

>> 944546.ABED_0965  protein_id="BAK70682.1" product="30S ribosomal protein S4" GI="345469231" project_id="61719"
   #    score  bias  c-Evalue  i-Evalue hmmfrom  hmm to    alifrom  ali to    envfrom  env to     acc
 ---   ------ ----- --------- --------- ------- -------    ------- -------    ------- -------    ----
   1 !  284.9   0.8   2.1e-88   9.6e-85      72     265 ..       1     208 []       1     208 [] 0.97

>> 1037409.BJ6T_40230  protein_id="BAL09297.1" gene="rpsD" product="30S ribosomal protein S4" GI="354956618" project_id="67463"
   #    score  bias  c-Evalue  i-Evalue hmmfrom  hmm to    alifrom  ali to    envfrom  env to     acc
 ---   ------ ----- --------- --------- ------- -------    ------- -------    ------- -------    ----
   1 !  270.0   0.6   7.2e-84   3.3e-80      72     265 ..       1     205 []       1     205 [] 0.94

>> 1148.SYNGTS_2341  protein_id="BAK51089.1" gene="rps4" product="30S ribosomal protein S4" GI="339274602" note="ORF_ID:slr0469" project_id="67081"
   #    score  bias  c-Evalue  i-Evalue hmmfrom  hmm to    alifrom  ali to    envfrom  env to     acc
 ---   ------ ----- --------- --------- ------- -------    ------- -------    ------- -------    ----
   1 !  259.7   0.1     1e-80   4.6e-77      72     266 ..       1     201 [.       1     202 [] 0.95



Internal pipeline statistics summary:
-------------------------------------
Query model(s):                            1  (267 nodes)
Target sequences:                      23272  (7230323 residues searched)
Passed MSV filter:                       611  (0.0262547); expected 465.4 (0.02)
Passed bias filter:                      450  (0.0193365); expected 465.4 (0.02)
Passed Vit filter:                        63  (0.00270712); expected 23.3 (0.001)
Passed Fwd filter:                        16  (0.000687521); expected 0.2 (1e-05)
Initial search space (Z):              23272  [actual number of targets]
Domain search space  (domZ):               5  [number of targets reported over threshold]
# CPU time: 0.17u 0.01s 00:00:00.18 Elapsed: 00:00:00.12
# Mc/sec: 15218.61
//
[ok]
