# hmmsearch :: search profile(s) against a sequence database
# HMMER 3.3.2 (Nov 2020); http://hmmer.org/
# Copyright (C) 2020 Howard Hughes Medical Institute.
# Freely distributed under the BSD open source license.
# - - - - - - - - - - - - - - - - - - - - - - - - - - - - - - - - - - - -
# query HMM file:                  /nfs/cds-peta/exports/biol_micro_cds_gr_sunagawa/scratch/lifeer/fetchmgs_dev/fetchmgs/data/COG0256.hmm
# target sequence database:        /nfs/cds-peta/exports/biol_micro_cds_gr_sunagawa/scratch/lifeer/fetchmgs_dev/data/example_data_genomes.faa
# output directed to file:         output/hmmResults/COG0256.out
# per-dom hits tabular output:     output/hmmResults/COG0256.dom
# show alignments in output:       no
# max ASCII text line length:      unlimited
# sequence reporting threshold:    score >= 60
# number of worker threads:        1
# - - - - - - - - - - - - - - - - - - - - - - - - - - - - - - - - - - - -

Query:       COG0256  [M=237]
Scores for complete sequences (score includes all domains):
   --- full sequence ---   --- best 1 domain ---    -#dom-
    E-value  score  bias    E-value  score  bias    exp  N  Sequence           Description
    ------- ------ -----    ------- ------ -----   ---- --  --------           -----------
    1.1e-55  189.3   5.3    1.2e-55  189.2   5.3    1.0  1  1148.SYNGTS_0760    protein_id="BAK49508.1" gene="rpl18" product="50S ribosomal protein L18" GI="339273021" note="ORF_ID:sll1811" project_id="67081"
    1.6e-53  182.3   8.7    1.7e-53  182.2   8.7    1.0  1  1089456.NCGM2_5492  protein_id="BAK92313.1" gene="rplR" product="50S ribosomal protein L18" GI="348036953" note="similar to GI:116052282; similar to PA14_09010 of P. aeruginosa UCBPP-PA14" project_id="73453"
    5.9e-53  180.4   6.9    6.3e-53  180.3   6.9    1.0  1  1037409.BJ6T_44030  protein_id="BAL09672.1" gene="rplR" product="50S ribosomal protein L18" GI="354956993" project_id="67463"
    3.4e-39  135.3   6.0    3.6e-39  135.3   6.0    1.0  1  944547.ABLL_0990    protein_id="BAK72865.1" product="50S ribosomal protein L18" GI="345471415" project_id="61721"
    7.2e-38  131.0   5.8    7.6e-38  130.9   5.8    1.0  1  944546.ABED_0715    protein_id="BAK70432.1" product="50S ribosomal protein L18" GI="345468981" project_id="61719"


Domain annotation for each sequence:
>> 1148.SYNGTS_0760  protein_id="BAK49508.1" gene="rpl18" product="50S ribosomal protein L18" GI="339273021" note="ORF_ID:sll1811" project_id="67081"
   #    score  bias  c-Evalue  i-Evalue hmmfrom  hmm to    alifrom  ali to    envfrom  env to     acc
 ---   ------ ----- --------- --------- ------- -------    ------- -------    ------- -------    ----
   1 !  189.2   5.3   2.7e-59   1.2e-55      39     154 ..       2     120 .]       1     120 [] 0.96

>> 1089456.NCGM2_5492  protein_id="BAK92313.1" gene="rplR" product="50S ribosomal protein L18" GI="348036953" note="similar to GI:116052282; similar to PA14_09010 of P. aeruginosa UCBPP-PA14" project_id="73453"
   #    score  bias  c-Evalue  i-Evalue hmmfrom  hmm to    alifrom  ali to    envfrom  env to     acc
 ---   ------ ----- --------- --------- ------- -------    ------- -------    ------- -------    ----
   1 !  182.2   8.7   3.6e-57   1.7e-53      42     154 ..       4     116 .]       1     116 [] 0.97

>> 1037409.BJ6T_44030  protein_id="BAL09672.1" gene="rplR" product="50S ribosomal protein L18" GI="354956993" project_id="67463"
   #    score  bias  c-Evalue  i-Evalue hmmfrom  hmm to    alifrom  ali to    envfrom  env to     acc
 ---   ------ ----- --------- --------- ------- -------    ------- -------    ------- -------    ----
   1 !  180.3   6.9   1.4e-56   6.3e-53      43     154 ..       5     120 .]       1     120 [] 0.89

>> 944547.ABLL_0990  protein_id="BAK72865.1" product="50S ribosomal protein L18" GI="345471415" project_id="61721"
   #    score  bias  c-Evalue  i-Evalue hmmfrom  hmm to    alifrom  ali to    envfrom  env to     acc
 ---   ------ ----- --------- --------- ------- -------    ------- -------    ------- -------    ----
   1 !  135.3   6.0   7.8e-43   3.6e-39      38     153 ..       6     118 ..       1     119 [] 0.95

>> 944546.ABED_0715  protein_id="BAK70432.1" product="50S ribosomal protein L18" GI="345468981" project_id="61719"
   #    score  bias  c-Evalue  i-Evalue hmmfrom  hmm to    alifrom  ali to    envfrom  env to     acc
 ---   ------ ----- --------- --------- ------- -------    ------- -------    ------- -------    ----
   1 !  130.9   5.8   1.6e-41   7.6e-38      39     153 ..       7     118 ..       1     119 [] 0.95



Internal pipeline statistics summary:
-------------------------------------
Query model(s):                            1  (237 nodes)
Target sequences:                      23272  (7230323 residues searched)
Passed MSV filter:                      1320  (0.0567205); expected 465.4 (0.02)
Passed bias filter:                      804  (0.034548); expected 465.4 (0.02)
Passed Vit filter:                       105  (0.00451186); expected 23.3 (0.001)
Passed Fwd filter:                         7  (0.000300791); expected 0.2 (1e-05)
Initial search space (Z):              23272  [actual number of targets]
Domain search space  (domZ):               5  [number of targets reported over threshold]
# CPU time: 0.18u 0.01s 00:00:00.19 Elapsed: 00:00:00.13
# Mc/sec: 12406.83
//
[ok]
