# hmmsearch :: search profile(s) against a sequence database
# HMMER 3.3.2 (Nov 2020); http://hmmer.org/
# Copyright (C) 2020 Howard Hughes Medical Institute.
# Freely distributed under the BSD open source license.
# - - - - - - - - - - - - - - - - - - - - - - - - - - - - - - - - - - - -
# query HMM file:                  /nfs/cds-peta/exports/biol_micro_cds_gr_sunagawa/scratch/lifeer/fetchmgs_dev/fetchmgs/data/COG0081.hmm
# target sequence database:        /nfs/cds-peta/exports/biol_micro_cds_gr_sunagawa/scratch/lifeer/fetchmgs_dev/data/example_data_genomes.faa
# output directed to file:         output/hmmResults/COG0081.out
# per-dom hits tabular output:     output/hmmResults/COG0081.dom
# show alignments in output:       no
# max ASCII text line length:      unlimited
# sequence reporting threshold:    score >= 60
# number of worker threads:        1
# - - - - - - - - - - - - - - - - - - - - - - - - - - - - - - - - - - - -

Query:       COG0081  [M=232]
Scores for complete sequences (score includes all domains):
   --- full sequence ---   --- best 1 domain ---    -#dom-
    E-value  score  bias    E-value  score  bias    exp  N  Sequence           Description
    ------- ------ -----    ------- ------ -----   ---- --  --------           -----------
   1.4e-100  335.9   3.0   1.6e-100  335.7   3.0    1.0  1  1037409.BJ6T_43730  protein_id="BAL09642.1" gene="rplA" product="50S ribosomal protein L1" GI="354956963" project_id="67463"
    2.8e-98  328.3   3.5    3.1e-98  328.2   3.5    1.0  1  1089456.NCGM2_5518  protein_id="BAK92339.1" gene="rplA" product="50S ribosomal protein L1" GI="348036979" note="similar to GI:116052308; similar to PA14_08730 of P. aeruginosa UCBPP-PA14" project_id="73453"
    2.3e-97  325.3   6.7    2.9e-97  325.1   6.7    1.0  1  944547.ABLL_2472    protein_id="BAK74347.1" product="50S ribosomal protein L1" GI="345472897" project_id="61721"
    3.2e-96  321.6   7.3    3.9e-96  321.4   7.3    1.0  1  944546.ABED_1708    protein_id="BAK71425.1" product="50S ribosomal protein L1" GI="345469974" project_id="61719"
    1.5e-94  316.2   0.2    1.7e-94  316.0   0.2    1.0  1  1148.SYNGTS_0844    protein_id="BAK49592.1" gene="rpl1" product="50S ribosomal protein L1" GI="339273105" note="ORF_ID:sll1744" project_id="67081"


Domain annotation for each sequence:
>> 1037409.BJ6T_43730  protein_id="BAL09642.1" gene="rplA" product="50S ribosomal protein L1" GI="354956963" project_id="67463"
   #    score  bias  c-Evalue  i-Evalue hmmfrom  hmm to    alifrom  ali to    envfrom  env to     acc
 ---   ------ ----- --------- --------- ------- -------    ------- -------    ------- -------    ----
   1 !  335.7   3.0  3.4e-104  1.6e-100       1     226 [.       1     226 [.       1     229 [. 0.98

>> 1089456.NCGM2_5518  protein_id="BAK92339.1" gene="rplA" product="50S ribosomal protein L1" GI="348036979" note="similar to GI:116052308; similar to PA14_08730 of P. aeruginosa UCBPP-PA14" project_id="73453"
   #    score  bias  c-Evalue  i-Evalue hmmfrom  hmm to    alifrom  ali to    envfrom  env to     acc
 ---   ------ ----- --------- --------- ------- -------    ------- -------    ------- -------    ----
   1 !  328.2   3.5  6.7e-102   3.1e-98       1     228 [.       1     229 [.       1     231 [] 0.99

>> 944547.ABLL_2472  protein_id="BAK74347.1" product="50S ribosomal protein L1" GI="345472897" project_id="61721"
   #    score  bias  c-Evalue  i-Evalue hmmfrom  hmm to    alifrom  ali to    envfrom  env to     acc
 ---   ------ ----- --------- --------- ------- -------    ------- -------    ------- -------    ----
   1 !  325.1   6.7  6.1e-101   2.9e-97       1     227 [.       1     227 [.       1     231 [. 0.98

>> 944546.ABED_1708  protein_id="BAK71425.1" product="50S ribosomal protein L1" GI="345469974" project_id="61719"
   #    score  bias  c-Evalue  i-Evalue hmmfrom  hmm to    alifrom  ali to    envfrom  env to     acc
 ---   ------ ----- --------- --------- ------- -------    ------- -------    ------- -------    ----
   1 !  321.4   7.3  8.3e-100   3.9e-96       1     227 [.       1     227 [.       1     231 [. 0.98

>> 1148.SYNGTS_0844  protein_id="BAK49592.1" gene="rpl1" product="50S ribosomal protein L1" GI="339273105" note="ORF_ID:sll1744" project_id="67081"
   #    score  bias  c-Evalue  i-Evalue hmmfrom  hmm to    alifrom  ali to    envfrom  env to     acc
 ---   ------ ----- --------- --------- ------- -------    ------- -------    ------- -------    ----
   1 !  316.0   0.2   3.6e-98   1.7e-94       1     229 [.       1     231 [.       1     234 [. 0.98



Internal pipeline statistics summary:
-------------------------------------
Query model(s):                            1  (232 nodes)
Target sequences:                      23272  (7230323 residues searched)
Passed MSV filter:                       825  (0.0354503); expected 465.4 (0.02)
Passed bias filter:                      532  (0.0228601); expected 465.4 (0.02)
Passed Vit filter:                        47  (0.00201959); expected 23.3 (0.001)
Passed Fwd filter:                         6  (0.000257821); expected 0.2 (1e-05)
Initial search space (Z):              23272  [actual number of targets]
Domain search space  (domZ):               5  [number of targets reported over threshold]
# CPU time: 0.15u 0.02s 00:00:00.17 Elapsed: 00:00:00.11
# Mc/sec: 14876.25
//
[ok]
