# hmmsearch :: search profile(s) against a sequence database
# HMMER 3.3.2 (Nov 2020); http://hmmer.org/
# Copyright (C) 2020 Howard Hughes Medical Institute.
# Freely distributed under the BSD open source license.
# - - - - - - - - - - - - - - - - - - - - - - - - - - - - - - - - - - - -
# query HMM file:                  /nfs/cds-peta/exports/biol_micro_cds_gr_sunagawa/scratch/lifeer/fetchmgs_dev/fetchmgs/data/COG0184.hmm
# target sequence database:        /nfs/cds-peta/exports/biol_micro_cds_gr_sunagawa/scratch/lifeer/fetchmgs_dev/data/example_data_genomes.faa
# output directed to file:         output/hmmResults/COG0184.out
# per-dom hits tabular output:     output/hmmResults/COG0184.dom
# show alignments in output:       no
# max ASCII text line length:      unlimited
# sequence reporting threshold:    score >= 60
# number of worker threads:        1
# - - - - - - - - - - - - - - - - - - - - - - - - - - - - - - - - - - - -

Query:       COG0184  [M=122]
Scores for complete sequences (score includes all domains):
   --- full sequence ---   --- best 1 domain ---    -#dom-
    E-value  score  bias    E-value  score  bias    exp  N  Sequence           Description
    ------- ------ -----    ------- ------ -----   ---- --  --------           -----------
    9.6e-39  132.6   0.7      1e-38  132.5   0.7    1.0  1  1089456.NCGM2_0797  protein_id="BAK87680.1" gene="rpsO" product="30S ribosomal protein S15" GI="348032320" note="similar to GI:116052888; similar to PA14_62720 of P. aeruginosa UCBPP-PA14" project_id="73453"
    2.6e-35  121.5   0.8    2.9e-35  121.4   0.8    1.0  1  944547.ABLL_0499    protein_id="BAK72374.1" product="30S ribosomal protein S15" GI="345470924" project_id="61721"
    7.8e-35  120.0   2.6    8.6e-35  119.9   2.6    1.0  1  1037409.BJ6T_07840  protein_id="BAL06077.1" gene="rpsO" product="30S ribosomal protein S15" GI="354953398" project_id="67463"
    2.6e-34  118.3   0.8    2.9e-34  118.2   0.8    1.0  1  944546.ABED_0345    protein_id="BAK70062.1" product="30S ribosomal protein S15" GI="345468611" project_id="61719"
    8.7e-34  116.6   1.1    9.5e-34  116.5   1.1    1.0  1  1148.SYNGTS_0306    protein_id="BAK49054.1" gene="rps15" product="30S ribosomal protein S15" GI="339272567" note="ORF_ID:ssl1784" project_id="67081"


Domain annotation for each sequence:
>> 1089456.NCGM2_0797  protein_id="BAK87680.1" gene="rpsO" product="30S ribosomal protein S15" GI="348032320" note="similar to GI:116052888; similar to PA14_62720 of P. aeruginosa UCBPP-PA14" project_id="73453"
   #    score  bias  c-Evalue  i-Evalue hmmfrom  hmm to    alifrom  ali to    envfrom  env to     acc
 ---   ------ ----- --------- --------- ------- -------    ------- -------    ------- -------    ----
   1 !  132.5   0.7   2.3e-42     1e-38      32     122 .]       1      89 []       1      89 [] 0.99

>> 944547.ABLL_0499  protein_id="BAK72374.1" product="30S ribosomal protein S15" GI="345470924" project_id="61721"
   #    score  bias  c-Evalue  i-Evalue hmmfrom  hmm to    alifrom  ali to    envfrom  env to     acc
 ---   ------ ----- --------- --------- ------- -------    ------- -------    ------- -------    ----
   1 !  121.4   0.8   6.2e-39   2.9e-35      32     121 ..       1      88 [.       1      89 [. 0.98

>> 1037409.BJ6T_07840  protein_id="BAL06077.1" gene="rpsO" product="30S ribosomal protein S15" GI="354953398" project_id="67463"
   #    score  bias  c-Evalue  i-Evalue hmmfrom  hmm to    alifrom  ali to    envfrom  env to     acc
 ---   ------ ----- --------- --------- ------- -------    ------- -------    ------- -------    ----
   1 !  119.9   2.6   1.8e-38   8.6e-35      32     122 .]       1      89 []       1      89 [] 0.99

>> 944546.ABED_0345  protein_id="BAK70062.1" product="30S ribosomal protein S15" GI="345468611" project_id="61719"
   #    score  bias  c-Evalue  i-Evalue hmmfrom  hmm to    alifrom  ali to    envfrom  env to     acc
 ---   ------ ----- --------- --------- ------- -------    ------- -------    ------- -------    ----
   1 !  118.2   0.8   6.1e-38   2.9e-34      32     121 ..       1      88 [.       1      89 [. 0.98

>> 1148.SYNGTS_0306  protein_id="BAK49054.1" gene="rps15" product="30S ribosomal protein S15" GI="339272567" note="ORF_ID:ssl1784" project_id="67081"
   #    score  bias  c-Evalue  i-Evalue hmmfrom  hmm to    alifrom  ali to    envfrom  env to     acc
 ---   ------ ----- --------- --------- ------- -------    ------- -------    ------- -------    ----
   1 !  116.5   1.1     2e-37   9.5e-34      32     122 .]       1      89 []       1      89 [] 0.99



Internal pipeline statistics summary:
-------------------------------------
Query model(s):                            1  (122 nodes)
Target sequences:                      23272  (7230323 residues searched)
Passed MSV filter:                       756  (0.0324854); expected 465.4 (0.02)
Passed bias filter:                      509  (0.0218718); expected 465.4 (0.02)
Passed Vit filter:                        41  (0.00176177); expected 23.3 (0.001)
Passed Fwd filter:                         6  (0.000257821); expected 0.2 (1e-05)
Initial search space (Z):              23272  [actual number of targets]
Domain search space  (domZ):               5  [number of targets reported over threshold]
# CPU time: 0.11u 0.00s 00:00:00.11 Elapsed: 00:00:00.06
# Mc/sec: 13544.28
//
[ok]
