# hmmsearch :: search profile(s) against a sequence database
# HMMER 3.3.2 (Nov 2020); http://hmmer.org/
# Copyright (C) 2020 Howard Hughes Medical Institute.
# Freely distributed under the BSD open source license.
# - - - - - - - - - - - - - - - - - - - - - - - - - - - - - - - - - - - -
# query HMM file:                  /nfs/cds-peta/exports/biol_micro_cds_gr_sunagawa/scratch/lifeer/fetchmgs_dev/fetchmgs/data/COG0086.hmm
# target sequence database:        /nfs/cds-peta/exports/biol_micro_cds_gr_sunagawa/scratch/lifeer/fetchmgs_dev/data/example_data_genomes.faa
# output directed to file:         output/hmmResults/COG0086.out
# per-dom hits tabular output:     output/hmmResults/COG0086.dom
# show alignments in output:       no
# max ASCII text line length:      unlimited
# sequence reporting threshold:    score >= 60
# number of worker threads:        1
# - - - - - - - - - - - - - - - - - - - - - - - - - - - - - - - - - - - -

Query:       COG0086  [M=1177]
Scores for complete sequences (score includes all domains):
   --- full sequence ---   --- best 1 domain ---    -#dom-
    E-value  score  bias    E-value  score  bias    exp  N  Sequence           Description
    ------- ------ -----    ------- ------ -----   ---- --  --------           -----------
          0 1828.6   1.6          0 1824.6   1.6    1.9  1  1037409.BJ6T_43780  protein_id="BAL09647.1" gene="rpoC" product="DNA-directed RNA polymerase beta' chain" GI="354956968" project_id="67463"
          0 1807.9   0.0          0 1807.0   0.0    1.3  1  1089456.NCGM2_5514  protein_id="BAK92335.1" gene="rpoC" product="DNA-directed RNA polymerase subunit beta'" GI="348036975" note="similar to GI:116052304; similar to PA14_08780 of P. aeruginosa UCBPP-PA14" project_id="73453"
          0 1748.5  10.6          0 1748.2  10.6    1.0  1  944547.ABLL_2468    protein_id="BAK74343.1" product="DNA-directed RNA polymerase beta' subunit" GI="345472893" project_id="61721"
          0 1745.9  10.4          0 1745.6  10.4    1.0  1  944546.ABED_1704    protein_id="BAK71421.1" product="DNA-directed RNA polymerase beta' subunit" GI="345469970" project_id="61719"
   8.2e-264  878.7   0.0     1e-263  878.4   0.0    1.0  1  1148.SYNGTS_1691    protein_id="BAK50439.1" gene="rpoC1" product="RNA polymerase gamma-subunit" GI="339273952" note="ORF_ID:slr1265" project_id="67081"
   5.2e-241  803.2  10.7   2.4e-148  496.3   7.2    3.4  2  1148.SYNGTS_0790    protein_id="BAK49538.1" gene="rpoC2" product="DNA-directed RNA polymerase subunit beta'" GI="339273051" note="ORF_ID:sll1789" project_id="67081"


Domain annotation for each sequence:
>> 1037409.BJ6T_43780  protein_id="BAL09647.1" gene="rpoC" product="DNA-directed RNA polymerase beta' chain" GI="354956968" project_id="67463"
   #    score  bias  c-Evalue  i-Evalue hmmfrom  hmm to    alifrom  ali to    envfrom  env to     acc
 ---   ------ ----- --------- --------- ------- -------    ------- -------    ------- -------    ----
   1 ! 1824.6   1.6         0         0       7    1120 ..      18    1374 ..      13    1390 .. 0.98

>> 1089456.NCGM2_5514  protein_id="BAK92335.1" gene="rpoC" product="DNA-directed RNA polymerase subunit beta'" GI="348036975" note="similar to GI:116052304; similar to PA14_08780 of P. aeruginosa UCBPP-PA14" project_id="73453"
   #    score  bias  c-Evalue  i-Evalue hmmfrom  hmm to    alifrom  ali to    envfrom  env to     acc
 ---   ------ ----- --------- --------- ------- -------    ------- -------    ------- -------    ----
   1 ! 1807.0   0.0         0         0       6    1114 ..      16    1375 ..      11    1398 .. 0.97

>> 944547.ABLL_2468  protein_id="BAK74343.1" product="DNA-directed RNA polymerase beta' subunit" GI="345472893" project_id="61721"
   #    score  bias  c-Evalue  i-Evalue hmmfrom  hmm to    alifrom  ali to    envfrom  env to     acc
 ---   ------ ----- --------- --------- ------- -------    ------- -------    ------- -------    ----
   1 ! 1748.2  10.6         0         0       6    1109 ..      21    1503 ..      16    1508 .] 0.98

>> 944546.ABED_1704  protein_id="BAK71421.1" product="DNA-directed RNA polymerase beta' subunit" GI="345469970" project_id="61719"
   #    score  bias  c-Evalue  i-Evalue hmmfrom  hmm to    alifrom  ali to    envfrom  env to     acc
 ---   ------ ----- --------- --------- ------- -------    ------- -------    ------- -------    ----
   1 ! 1745.6  10.4         0         0       6    1112 ..      21    1506 ..      15    1511 .] 0.98

>> 1148.SYNGTS_1691  protein_id="BAK50439.1" gene="rpoC1" product="RNA polymerase gamma-subunit" GI="339273952" note="ORF_ID:slr1265" project_id="67081"
   #    score  bias  c-Evalue  i-Evalue hmmfrom  hmm to    alifrom  ali to    envfrom  env to     acc
 ---   ------ ----- --------- --------- ------- -------    ------- -------    ------- -------    ----
   1 !  878.4   0.0  2.6e-267    1e-263       6     540 ..       8     622 ..       5     626 .] 0.97

>> 1148.SYNGTS_0790  protein_id="BAK49538.1" gene="rpoC2" product="DNA-directed RNA polymerase subunit beta'" GI="339273051" note="ORF_ID:sll1789" project_id="67081"
   #    score  bias  c-Evalue  i-Evalue hmmfrom  hmm to    alifrom  ali to    envfrom  env to     acc
 ---   ------ ----- --------- --------- ------- -------    ------- -------    ------- -------    ----
   1 !  496.3   7.2  6.2e-152  2.4e-148     544     971 ..       3     670 ..       1     678 [. 0.94
   2 !  305.6   0.1   2.3e-94     9e-91     878    1147 ..     944    1288 ..     807    1316 .. 0.76



Internal pipeline statistics summary:
-------------------------------------
Query model(s):                            1  (1177 nodes)
Target sequences:                      23272  (7230323 residues searched)
Passed MSV filter:                       940  (0.0403919); expected 465.4 (0.02)
Passed bias filter:                      508  (0.0218288); expected 465.4 (0.02)
Passed Vit filter:                        42  (0.00180474); expected 23.3 (0.001)
Passed Fwd filter:                         7  (0.000300791); expected 0.2 (1e-05)
Initial search space (Z):              23272  [actual number of targets]
Domain search space  (domZ):               6  [number of targets reported over threshold]
# CPU time: 0.78u 0.03s 00:00:00.81 Elapsed: 00:00:00.70
# Mc/sec: 11989.95
//
[ok]
